[2023-06-14 12:55:02,148] - [org.hibernate.validator.internal.util.Version] [<clinit>] -> (INFO) [HV000001: Hibernate Validator 6.2.5.Final] 
[2023-06-14 12:55:02,195] - [com.hcl.elch.freshersuperchargers.trainingworkflow.TrainingWorkflowApplication] [logStarting] -> (INFO) [Starting TrainingWorkflowApplication using Java 17.0.4 on LP-5CG1369TJ6 with PID 17992 (C:\Users\avula_aswini\OneDrive - HCL Technologies Ltd\Desktop\TrainingWorkflow\TrainingWorkflow\target\classes started by avula_aswini in C:\Users\avula_aswini\OneDrive - HCL Technologies Ltd\Desktop\TrainingWorkflow\TrainingWorkflow)] 
[2023-06-14 12:55:02,200] - [com.hcl.elch.freshersuperchargers.trainingworkflow.TrainingWorkflowApplication] [logStartupProfileInfo] -> (INFO) [No active profile set, falling back to 1 default profile: "default"] 
[2023-06-14 12:55:02,271] - [org.springframework.boot.devtools.restart.ChangeableUrls] [logTo] -> (INFO) [The Class-Path manifest attribute in C:\Users\avula_aswini\.m2\repository\org\glassfish\hk2\hk2\2.6.1\hk2-2.6.1.jar referenced one or more files that do not exist: file:/C:/Users/avula_aswini/.m2/repository/org/glassfish/hk2/hk2/2.6.1/hk2-utils.jar,file:/C:/Users/avula_aswini/.m2/repository/org/glassfish/hk2/hk2/2.6.1/jakarta.annotation-api.jar,file:/C:/Users/avula_aswini/.m2/repository/org/glassfish/hk2/hk2/2.6.1/jakarta.inject.jar,file:/C:/Users/avula_aswini/.m2/repository/org/glassfish/hk2/hk2/2.6.1/hk2-api.jar,file:/C:/Users/avula_aswini/.m2/repository/org/glassfish/hk2/hk2/2.6.1/aopalliance-repackaged.jar,file:/C:/Users/avula_aswini/.m2/repository/org/glassfish/hk2/hk2/2.6.1/hk2-core.jar,file:/C:/Users/avula_aswini/.m2/repository/org/glassfish/hk2/hk2/2.6.1/hk2-locator.jar,file:/C:/Users/avula_aswini/.m2/repository/org/glassfish/hk2/hk2/2.6.1/javassist.jar,file:/C:/Users/avula_aswini/.m2/repository/org/glassfish/hk2/hk2/2.6.1/hk2-runlevel.jar,file:/C:/Users/avula_aswini/.m2/repository/org/glassfish/hk2/hk2/2.6.1/class-model.jar,file:/C:/Users/avula_aswini/.m2/repository/org/glassfish/hk2/hk2/2.6.1/asm.jar,file:/C:/Users/avula_aswini/.m2/repository/org/glassfish/hk2/hk2/2.6.1/asm-analysis.jar,file:/C:/Users/avula_aswini/.m2/repository/org/glassfish/hk2/hk2/2.6.1/asm-commons.jar,file:/C:/Users/avula_aswini/.m2/repository/org/glassfish/hk2/hk2/2.6.1/asm-tree.jar,file:/C:/Users/avula_aswini/.m2/repository/org/glassfish/hk2/hk2/2.6.1/asm-util.jar] 
[2023-06-14 12:55:02,271] - [org.springframework.boot.devtools.env.DevToolsPropertyDefaultsPostProcessor] [logTo] -> (INFO) [Devtools property defaults active! Set 'spring.devtools.add-properties' to 'false' to disable] 
[2023-06-14 12:55:02,272] - [org.springframework.boot.devtools.env.DevToolsPropertyDefaultsPostProcessor] [logTo] -> (INFO) [For additional web related logging consider setting the 'logging.level.web' property to 'DEBUG'] 
[2023-06-14 12:55:03,241] - [org.springframework.data.repository.config.RepositoryConfigurationDelegate] [registerRepositoriesIn] -> (INFO) [Bootstrapping Spring Data JPA repositories in DEFAULT mode.] 
[2023-06-14 12:55:03,344] - [org.springframework.data.repository.config.RepositoryConfigurationDelegate] [registerRepositoriesIn] -> (INFO) [Finished Spring Data repository scanning in 94 ms. Found 5 JPA repository interfaces.] 
[2023-06-14 12:55:04,443] - [org.springframework.boot.web.embedded.tomcat.TomcatWebServer] [initialize] -> (INFO) [Tomcat initialized with port(s): 9002 (http)] 
[2023-06-14 12:55:04,455] - [org.apache.coyote.http11.Http11NioProtocol] [log] -> (INFO) [Initializing ProtocolHandler ["http-nio-9002"]] 
[2023-06-14 12:55:04,456] - [org.apache.catalina.core.StandardService] [log] -> (INFO) [Starting service [Tomcat]] 
[2023-06-14 12:55:04,456] - [org.apache.catalina.core.StandardEngine] [log] -> (INFO) [Starting Servlet engine: [Apache Tomcat/9.0.65]] 
[2023-06-14 12:55:05,295] - [org.apache.catalina.core.ContainerBase.[Tomcat].[localhost].[/]] [log] -> (INFO) [Initializing Spring embedded WebApplicationContext] 
[2023-06-14 12:55:05,295] - [org.springframework.boot.web.servlet.context.ServletWebServerApplicationContext] [prepareWebApplicationContext] -> (INFO) [Root WebApplicationContext: initialization completed in 3022 ms] 
[2023-06-14 12:55:05,327] - [org.camunda.bpm.spring.boot.starter.rest.CamundaJerseyResourceConfig] [registerCamundaRestResources] -> (INFO) [Configuring camunda rest api.] 
[2023-06-14 12:55:05,352] - [org.camunda.bpm.spring.boot.starter.rest.CamundaJerseyResourceConfig] [registerCamundaRestResources] -> (INFO) [Finished configuring camunda rest api.] 
[2023-06-14 12:55:05,736] - [org.hibernate.jpa.internal.util.LogHelper] [logPersistenceUnitInformation] -> (INFO) [HHH000204: Processing PersistenceUnitInfo [name: default]] 
[2023-06-14 12:55:05,790] - [org.hibernate.Version] [logVersion] -> (INFO) [HHH000412: Hibernate ORM core version 5.6.11.Final] 
[2023-06-14 12:55:05,959] - [org.hibernate.annotations.common.Version] [<clinit>] -> (INFO) [HCANN000001: Hibernate Commons Annotations {5.1.2.Final}] 
[2023-06-14 12:55:06,064] - [com.zaxxer.hikari.HikariDataSource] [getConnection] -> (INFO) [HikariPool-1 - Starting...] 
[2023-06-14 12:55:06,381] - [com.zaxxer.hikari.HikariDataSource] [getConnection] -> (INFO) [HikariPool-1 - Start completed.] 
[2023-06-14 12:55:06,399] - [org.hibernate.dialect.Dialect] [<init>] -> (INFO) [HHH000400: Using dialect: org.hibernate.dialect.MySQL5InnoDBDialect] 
[2023-06-14 12:55:07,087] - [org.hibernate.engine.transaction.jta.platform.internal.JtaPlatformInitiator] [initiateService] -> (INFO) [HHH000490: Using JtaPlatform implementation: [org.hibernate.engine.transaction.jta.platform.internal.NoJtaPlatform]] 
[2023-06-14 12:55:07,096] - [org.springframework.orm.jpa.LocalContainerEntityManagerFactoryBean] [buildNativeEntityManagerFactory] -> (INFO) [Initialized JPA EntityManagerFactory for persistence unit 'default'] 
[2023-06-14 12:55:07,235] - [org.camunda.bpm.spring.boot] [logInfo] -> (INFO) [STARTER-SB040 Setting up jobExecutor with corePoolSize=3, maxPoolSize:10] 
[2023-06-14 12:55:07,335] - [org.camunda.bpm.engine.cfg] [logInfo] -> (INFO) [ENGINE-12003 Plugin 'CompositeProcessEnginePlugin[genericPropertiesConfiguration, camundaProcessEngineConfiguration, camundaDatasourceConfiguration, camundaJpaConfiguration, camundaJobConfiguration, camundaHistoryConfiguration, camundaMetricsConfiguration, camundaAuthorizationConfiguration, CreateAdminUserConfiguration[adminUser=AdminUserProperty[id=Test, firstName=Test, lastName=Test, email=Test@localhost, password=******]], failedJobConfiguration, CreateFilterConfiguration[filterName=All tasks], disableDeploymentResourcePattern, eventPublisherPlugin, ApplicationContextClassloaderSwitchPlugin, SpringBootSpinProcessEnginePlugin]' activated on process engine 'default'] 
[2023-06-14 12:55:07,340] - [org.camunda.bpm.spring.boot] [logInfo] -> (INFO) [STARTER-SB020 ProcessApplication enabled: autoDeployment via springConfiguration#deploymentResourcePattern is disabled] 
[2023-06-14 12:55:07,341] - [org.camunda.bpm.spring.boot.starter.event.EventPublisherPlugin] [preInit] -> (INFO) [EVENTING-001: Initialized Camunda Spring Boot Eventing Engine Plugin.] 
[2023-06-14 12:55:07,342] - [org.camunda.bpm.spring.boot.starter.event.EventPublisherPlugin] [preInit] -> (INFO) [EVENTING-003: Task events will be published as Spring Events.] 
[2023-06-14 12:55:07,342] - [org.camunda.bpm.spring.boot.starter.event.EventPublisherPlugin] [preInit] -> (INFO) [EVENTING-005: Execution events will be published as Spring Events.] 
[2023-06-14 12:55:07,344] - [org.camunda.bpm.spring.boot.starter.event.EventPublisherPlugin] [preInit] -> (INFO) [EVENTING-007: History events will be published as Spring events.] 
[2023-06-14 12:55:07,352] - [org.camunda.spin] [logInfo] -> (INFO) [SPIN-01010 Discovered Spin data format provider: org.camunda.spin.impl.json.jackson.format.JacksonJsonDataFormatProvider[name = application/json]] 
[2023-06-14 12:55:07,617] - [org.camunda.spin] [logInfo] -> (INFO) [SPIN-01010 Discovered Spin data format provider: org.camunda.spin.impl.xml.dom.format.DomXmlDataFormatProvider[name = application/xml]] 
[2023-06-14 12:55:07,695] - [org.camunda.spin] [logInfo] -> (INFO) [SPIN-01009 Discovered Spin data format: org.camunda.spin.impl.xml.dom.format.DomXmlDataFormat[name = application/xml]] 
[2023-06-14 12:55:07,695] - [org.camunda.spin] [logInfo] -> (INFO) [SPIN-01009 Discovered Spin data format: org.camunda.spin.impl.json.jackson.format.JacksonJsonDataFormat[name = application/json]] 
[2023-06-14 12:55:07,990] - [org.camunda.bpm.dmn.feel.scala] [logInfo] -> (INFO) [FEEL/SCALA-01001 Spin value mapper detected] 
[2023-06-14 12:55:08,080] - [org.camunda.feel.FeelEngine] [<init>] -> (INFO) [Engine created. [value-mapper: CompositeValueMapper(List(org.camunda.feel.impl.JavaValueMapper@69c8e0bb, org.camunda.spin.plugin.impl.feel.integration.SpinValueMapper@4be783fc)), function-provider: org.camunda.bpm.dmn.feel.impl.scala.function.CustomFunctionTransformer@634a71a, clock: SystemClock, configuration: Configuration(false)]] 
[2023-06-14 12:55:12,725] - [org.camunda.bpm.connect] [logInfo] -> (INFO) [CNCT-01004 Discovered provider for connector id 'http-connector' and class 'org.camunda.connect.httpclient.impl.HttpConnectorImpl': 'org.camunda.connect.httpclient.impl.HttpConnectorProviderImpl'] 
[2023-06-14 12:55:12,728] - [org.camunda.bpm.connect] [logInfo] -> (INFO) [CNCT-01004 Discovered provider for connector id 'soap-http-connector' and class 'org.camunda.connect.httpclient.soap.impl.SoapHttpConnectorImpl': 'org.camunda.connect.httpclient.soap.impl.SoapHttpConnectorProviderImpl'] 
[2023-06-14 12:55:13,003] - [org.camunda.bpm.engine] [logInfo] -> (INFO) [ENGINE-00001 Process Engine default created.] 
[2023-06-14 12:55:13,063] - [org.camunda.bpm.spring.boot] [logInfo] -> (INFO) [STARTER-SB011 Skip creating initial Admin User, user does exist: UserEntity[id=Test, revision=9, firstName=Test, lastName=Test, email=Test@localhost, password={SHA-512}9LhJs1JrH9QvBj25bDdcoYs2BE1Md2UQIyCvNaehfEb0UHwsZQU1e96r4RQQt+CxIfyG/U789goOiCV4sqixmw==, salt=yR5w1Tf9ZJnomA+t0CXifw==, lockExpirationTime=null, attempts=0]] 
[2023-06-14 12:55:13,077] - [org.camunda.bpm.spring.boot] [logInfo] -> (INFO) [STARTER-SB016 Skip initial filter creation, the filter with this name already exists: All tasks] 
[2023-06-14 12:55:13,345] - [org.drools.compiler.kie.builder.impl.KieBuilderImpl] [packageNameForFile] -> (WARN) [File 'rules/tasks.drl' is in folder 'rules' but declares package 'com.foobat'. It is advised to have a correspondance between package and folder names.] 
[2023-06-14 12:55:14,317] - [org.springframework.boot.autoconfigure.orm.jpa.JpaBaseConfiguration$JpaWebConfiguration] [openEntityManagerInViewInterceptor] -> (WARN) [spring.jpa.open-in-view is enabled by default. Therefore, database queries may be performed during view rendering. Explicitly configure spring.jpa.open-in-view to disable this warning] 
[2023-06-14 12:55:14,705] - [org.camunda.bpm.spring.boot.starter.webapp.filter.LazyInitRegistration] [lazyInit] -> (INFO) [lazy initialized org.camunda.bpm.spring.boot.starter.webapp.filter.LazyProcessEnginesFilter@523ea1ea] 
[2023-06-14 12:55:14,780] - [org.camunda.bpm.spring.boot.starter.webapp.filter.LazyInitRegistration] [lazyInit] -> (INFO) [lazy initialized org.camunda.bpm.spring.boot.starter.webapp.filter.LazySecurityFilter@7c765638] 
[2023-06-14 12:55:15,039] - [org.springframework.boot.devtools.autoconfigure.OptionalLiveReloadServer] [startServer] -> (INFO) [LiveReload server is running on port 35729] 
[2023-06-14 12:55:15,187] - [org.apache.kafka.clients.consumer.ConsumerConfig] [logAll] -> (INFO) [ConsumerConfig values: 
	allow.auto.create.topics = true
	auto.commit.interval.ms = 5000
	auto.offset.reset = earliest
	bootstrap.servers = [localhost:9092]
	check.crcs = true
	client.dns.lookup = use_all_dns_ips
	client.id = consumer-myGroup1-1
	client.rack = 
	connections.max.idle.ms = 540000
	default.api.timeout.ms = 60000
	enable.auto.commit = false
	exclude.internal.topics = true
	fetch.max.bytes = 52428800
	fetch.max.wait.ms = 500
	fetch.min.bytes = 1
	group.id = myGroup1
	group.instance.id = null
	heartbeat.interval.ms = 3000
	interceptor.classes = []
	internal.leave.group.on.close = true
	internal.throw.on.fetch.stable.offset.unsupported = false
	isolation.level = read_uncommitted
	key.deserializer = class org.apache.kafka.common.serialization.StringDeserializer
	max.partition.fetch.bytes = 1048576
	max.poll.interval.ms = 300000
	max.poll.records = 500
	metadata.max.age.ms = 300000
	metric.reporters = []
	metrics.num.samples = 2
	metrics.recording.level = INFO
	metrics.sample.window.ms = 30000
	partition.assignment.strategy = [class org.apache.kafka.clients.consumer.RangeAssignor, class org.apache.kafka.clients.consumer.CooperativeStickyAssignor]
	receive.buffer.bytes = 65536
	reconnect.backoff.max.ms = 1000
	reconnect.backoff.ms = 50
	request.timeout.ms = 30000
	retry.backoff.ms = 100
	sasl.client.callback.handler.class = null
	sasl.jaas.config = null
	sasl.kerberos.kinit.cmd = /usr/bin/kinit
	sasl.kerberos.min.time.before.relogin = 60000
	sasl.kerberos.service.name = null
	sasl.kerberos.ticket.renew.jitter = 0.05
	sasl.kerberos.ticket.renew.window.factor = 0.8
	sasl.login.callback.handler.class = null
	sasl.login.class = null
	sasl.login.refresh.buffer.seconds = 300
	sasl.login.refresh.min.period.seconds = 60
	sasl.login.refresh.window.factor = 0.8
	sasl.login.refresh.window.jitter = 0.05
	sasl.mechanism = GSSAPI
	security.protocol = PLAINTEXT
	security.providers = null
	send.buffer.bytes = 131072
	session.timeout.ms = 45000
	socket.connection.setup.timeout.max.ms = 30000
	socket.connection.setup.timeout.ms = 10000
	ssl.cipher.suites = null
	ssl.enabled.protocols = [TLSv1.2, TLSv1.3]
	ssl.endpoint.identification.algorithm = https
	ssl.engine.factory.class = null
	ssl.key.password = null
	ssl.keymanager.algorithm = SunX509
	ssl.keystore.certificate.chain = null
	ssl.keystore.key = null
	ssl.keystore.location = null
	ssl.keystore.password = null
	ssl.keystore.type = JKS
	ssl.protocol = TLSv1.3
	ssl.provider = null
	ssl.secure.random.implementation = null
	ssl.trustmanager.algorithm = PKIX
	ssl.truststore.certificates = null
	ssl.truststore.location = null
	ssl.truststore.password = null
	ssl.truststore.type = JKS
	value.deserializer = class org.apache.kafka.common.serialization.StringDeserializer
] 
[2023-06-14 12:55:15,339] - [org.apache.kafka.clients.consumer.ConsumerConfig] [logUnused] -> (WARN) [The configuration 'spring.json.trusted.packages' was supplied but isn't a known config.] 
[2023-06-14 12:55:15,340] - [org.apache.kafka.clients.consumer.ConsumerConfig] [logUnused] -> (WARN) [The configuration 'spring.deserializer.value.delegate.class' was supplied but isn't a known config.] 
[2023-06-14 12:55:15,342] - [org.apache.kafka.common.utils.AppInfoParser] [<init>] -> (INFO) [Kafka version: 3.0.2] 
[2023-06-14 12:55:15,343] - [org.apache.kafka.common.utils.AppInfoParser] [<init>] -> (INFO) [Kafka commitId: 25b1aea02e37da14] 
[2023-06-14 12:55:15,343] - [org.apache.kafka.common.utils.AppInfoParser] [<init>] -> (INFO) [Kafka startTimeMs: 1686727515340] 
[2023-06-14 12:55:15,347] - [org.apache.kafka.clients.consumer.KafkaConsumer] [subscribe] -> (INFO) [[Consumer clientId=consumer-myGroup1-1, groupId=myGroup1] Subscribed to topic(s): newTask] 
[2023-06-14 12:55:15,360] - [org.apache.coyote.http11.Http11NioProtocol] [log] -> (INFO) [Starting ProtocolHandler ["http-nio-9002"]] 
[2023-06-14 12:55:15,386] - [org.springframework.boot.web.embedded.tomcat.TomcatWebServer] [start] -> (INFO) [Tomcat started on port(s): 9002 (http) with context path ''] 
[2023-06-14 12:55:15,421] - [org.camunda.bpm.container] [logInfo] -> (INFO) [ENGINE-08024 Found processes.xml file at file:/C:/Users/avula_aswini/OneDrive%20-%20HCL%20Technologies%20Ltd/Desktop/TrainingWorkflow/TrainingWorkflow/target/classes/META-INF/processes.xml] 
[2023-06-14 12:55:15,512] - [org.camunda.bpm.container] [logInfo] -> (INFO) [ENGINE-08023 Deployment summary for process archive 'trainingWorkflowApplication': 

        userform.form
        training-workflow.bpmn
] 
[2023-06-14 12:55:15,873] - [org.apache.kafka.clients.NetworkClient] [processDisconnection] -> (WARN) [[Consumer clientId=consumer-myGroup1-1, groupId=myGroup1] Connection to node -1 (localhost/127.0.0.1:9092) could not be established. Broker may not be available.] 
[2023-06-14 12:55:15,873] - [org.apache.kafka.clients.NetworkClient] [handleServerDisconnect] -> (WARN) [[Consumer clientId=consumer-myGroup1-1, groupId=myGroup1] Bootstrap broker localhost:9092 (id: -1 rack: null) disconnected] 
[2023-06-14 12:55:15,956] - [org.camunda.bpm.application] [logInfo] -> (INFO) [ENGINE-07021 ProcessApplication 'trainingWorkflowApplication' registered for DB deployments [1dffaa4e-0687-11ee-b55b-f889d2161e62]. Will execute process definitions 

        Decision[version: 1, id: Decision:1:1e0d8d01-0687-11ee-b55b-f889d2161e62]
Deployment does not provide any case definitions.] 
[2023-06-14 12:55:15,964] - [org.camunda.bpm.container] [logInfo] -> (INFO) [ENGINE-08050 Process application trainingWorkflowApplication successfully deployed] 
[2023-06-14 12:55:15,968] - [com.hcl.elch.freshersuperchargers.trainingworkflow.TrainingWorkflowApplication] [logStarted] -> (INFO) [Started TrainingWorkflowApplication in 14.2 seconds (JVM running for 17.539)] 
[2023-06-14 12:55:15,972] - [org.camunda.bpm.engine.jobexecutor] [logInfo] -> (INFO) [ENGINE-14014 Starting up the JobExecutor[org.camunda.bpm.engine.spring.components.jobexecutor.SpringJobExecutor].] 
[2023-06-14 12:55:15,976] - [org.camunda.bpm.engine.jobexecutor] [logInfo] -> (INFO) [ENGINE-14018 JobExecutor[org.camunda.bpm.engine.spring.components.jobexecutor.SpringJobExecutor] starting to acquire jobs] 
[2023-06-14 12:55:15,980] - [org.apache.kafka.clients.NetworkClient] [processDisconnection] -> (WARN) [[Consumer clientId=consumer-myGroup1-1, groupId=myGroup1] Connection to node -1 (localhost/127.0.0.1:9092) could not be established. Broker may not be available.] 
[2023-06-14 12:55:15,980] - [org.apache.kafka.clients.NetworkClient] [handleServerDisconnect] -> (WARN) [[Consumer clientId=consumer-myGroup1-1, groupId=myGroup1] Bootstrap broker localhost:9092 (id: -1 rack: null) disconnected] 
[2023-06-14 12:55:16,088] - [org.apache.kafka.clients.NetworkClient] [processDisconnection] -> (WARN) [[Consumer clientId=consumer-myGroup1-1, groupId=myGroup1] Connection to node -1 (localhost/127.0.0.1:9092) could not be established. Broker may not be available.] 
[2023-06-14 12:55:16,088] - [org.apache.kafka.clients.NetworkClient] [handleServerDisconnect] -> (WARN) [[Consumer clientId=consumer-myGroup1-1, groupId=myGroup1] Bootstrap broker localhost:9092 (id: -1 rack: null) disconnected] 
[2023-06-14 12:55:16,294] - [org.apache.kafka.clients.NetworkClient] [processDisconnection] -> (WARN) [[Consumer clientId=consumer-myGroup1-1, groupId=myGroup1] Connection to node -1 (localhost/127.0.0.1:9092) could not be established. Broker may not be available.] 
[2023-06-14 12:55:16,294] - [org.apache.kafka.clients.NetworkClient] [handleServerDisconnect] -> (WARN) [[Consumer clientId=consumer-myGroup1-1, groupId=myGroup1] Bootstrap broker localhost:9092 (id: -1 rack: null) disconnected] 
[2023-06-14 12:55:16,751] - [org.apache.kafka.clients.NetworkClient] [processDisconnection] -> (WARN) [[Consumer clientId=consumer-myGroup1-1, groupId=myGroup1] Connection to node -1 (localhost/127.0.0.1:9092) could not be established. Broker may not be available.] 
[2023-06-14 12:55:16,752] - [org.apache.kafka.clients.NetworkClient] [handleServerDisconnect] -> (WARN) [[Consumer clientId=consumer-myGroup1-1, groupId=myGroup1] Bootstrap broker localhost:9092 (id: -1 rack: null) disconnected] 
[2023-06-14 12:55:17,558] - [org.apache.kafka.clients.NetworkClient] [processDisconnection] -> (WARN) [[Consumer clientId=consumer-myGroup1-1, groupId=myGroup1] Connection to node -1 (localhost/127.0.0.1:9092) could not be established. Broker may not be available.] 
[2023-06-14 12:55:17,559] - [org.apache.kafka.clients.NetworkClient] [handleServerDisconnect] -> (WARN) [[Consumer clientId=consumer-myGroup1-1, groupId=myGroup1] Bootstrap broker localhost:9092 (id: -1 rack: null) disconnected] 
[2023-06-14 12:55:18,617] - [org.apache.kafka.clients.NetworkClient] [processDisconnection] -> (WARN) [[Consumer clientId=consumer-myGroup1-1, groupId=myGroup1] Connection to node -1 (localhost/127.0.0.1:9092) could not be established. Broker may not be available.] 
[2023-06-14 12:55:18,618] - [org.apache.kafka.clients.NetworkClient] [handleServerDisconnect] -> (WARN) [[Consumer clientId=consumer-myGroup1-1, groupId=myGroup1] Bootstrap broker localhost:9092 (id: -1 rack: null) disconnected] 
[2023-06-14 12:55:19,778] - [org.apache.kafka.clients.NetworkClient] [processDisconnection] -> (WARN) [[Consumer clientId=consumer-myGroup1-1, groupId=myGroup1] Connection to node -1 (localhost/127.0.0.1:9092) could not be established. Broker may not be available.] 
[2023-06-14 12:55:19,778] - [org.apache.kafka.clients.NetworkClient] [handleServerDisconnect] -> (WARN) [[Consumer clientId=consumer-myGroup1-1, groupId=myGroup1] Bootstrap broker localhost:9092 (id: -1 rack: null) disconnected] 
[2023-06-14 12:55:20,725] - [org.apache.kafka.clients.NetworkClient] [processDisconnection] -> (WARN) [[Consumer clientId=consumer-myGroup1-1, groupId=myGroup1] Connection to node -1 (localhost/127.0.0.1:9092) could not be established. Broker may not be available.] 
[2023-06-14 12:55:20,725] - [org.apache.kafka.clients.NetworkClient] [handleServerDisconnect] -> (WARN) [[Consumer clientId=consumer-myGroup1-1, groupId=myGroup1] Bootstrap broker localhost:9092 (id: -1 rack: null) disconnected] 
[2023-06-14 12:55:21,938] - [org.apache.kafka.clients.NetworkClient] [processDisconnection] -> (WARN) [[Consumer clientId=consumer-myGroup1-1, groupId=myGroup1] Connection to node -1 (localhost/127.0.0.1:9092) could not be established. Broker may not be available.] 
[2023-06-14 12:55:21,939] - [org.apache.kafka.clients.NetworkClient] [handleServerDisconnect] -> (WARN) [[Consumer clientId=consumer-myGroup1-1, groupId=myGroup1] Bootstrap broker localhost:9092 (id: -1 rack: null) disconnected] 
[2023-06-14 12:55:23,053] - [org.apache.kafka.clients.NetworkClient] [processDisconnection] -> (WARN) [[Consumer clientId=consumer-myGroup1-1, groupId=myGroup1] Connection to node -1 (localhost/127.0.0.1:9092) could not be established. Broker may not be available.] 
[2023-06-14 12:55:23,053] - [org.apache.kafka.clients.NetworkClient] [handleServerDisconnect] -> (WARN) [[Consumer clientId=consumer-myGroup1-1, groupId=myGroup1] Bootstrap broker localhost:9092 (id: -1 rack: null) disconnected] 
[2023-06-14 12:55:24,217] - [org.apache.kafka.clients.NetworkClient] [processDisconnection] -> (WARN) [[Consumer clientId=consumer-myGroup1-1, groupId=myGroup1] Connection to node -1 (localhost/127.0.0.1:9092) could not be established. Broker may not be available.] 
[2023-06-14 12:55:24,217] - [org.apache.kafka.clients.NetworkClient] [handleServerDisconnect] -> (WARN) [[Consumer clientId=consumer-myGroup1-1, groupId=myGroup1] Bootstrap broker localhost:9092 (id: -1 rack: null) disconnected] 
[2023-06-14 12:55:25,128] - [org.apache.kafka.clients.NetworkClient] [processDisconnection] -> (WARN) [[Consumer clientId=consumer-myGroup1-1, groupId=myGroup1] Connection to node -1 (localhost/127.0.0.1:9092) could not be established. Broker may not be available.] 
[2023-06-14 12:55:25,128] - [org.apache.kafka.clients.NetworkClient] [handleServerDisconnect] -> (WARN) [[Consumer clientId=consumer-myGroup1-1, groupId=myGroup1] Bootstrap broker localhost:9092 (id: -1 rack: null) disconnected] 
[2023-06-14 12:55:26,229] - [org.apache.kafka.clients.NetworkClient] [processDisconnection] -> (WARN) [[Consumer clientId=consumer-myGroup1-1, groupId=myGroup1] Connection to node -1 (localhost/127.0.0.1:9092) could not be established. Broker may not be available.] 
[2023-06-14 12:55:26,229] - [org.apache.kafka.clients.NetworkClient] [handleServerDisconnect] -> (WARN) [[Consumer clientId=consumer-myGroup1-1, groupId=myGroup1] Bootstrap broker localhost:9092 (id: -1 rack: null) disconnected] 
[2023-06-14 12:55:27,290] - [org.apache.kafka.clients.NetworkClient] [processDisconnection] -> (WARN) [[Consumer clientId=consumer-myGroup1-1, groupId=myGroup1] Connection to node -1 (localhost/127.0.0.1:9092) could not be established. Broker may not be available.] 
[2023-06-14 12:55:27,290] - [org.apache.kafka.clients.NetworkClient] [handleServerDisconnect] -> (WARN) [[Consumer clientId=consumer-myGroup1-1, groupId=myGroup1] Bootstrap broker localhost:9092 (id: -1 rack: null) disconnected] 
[2023-06-14 12:55:28,502] - [org.apache.kafka.clients.NetworkClient] [processDisconnection] -> (WARN) [[Consumer clientId=consumer-myGroup1-1, groupId=myGroup1] Connection to node -1 (localhost/127.0.0.1:9092) could not be established. Broker may not be available.] 
[2023-06-14 12:55:28,502] - [org.apache.kafka.clients.NetworkClient] [handleServerDisconnect] -> (WARN) [[Consumer clientId=consumer-myGroup1-1, groupId=myGroup1] Bootstrap broker localhost:9092 (id: -1 rack: null) disconnected] 
[2023-06-14 12:55:29,462] - [org.apache.kafka.clients.NetworkClient] [processDisconnection] -> (WARN) [[Consumer clientId=consumer-myGroup1-1, groupId=myGroup1] Connection to node -1 (localhost/127.0.0.1:9092) could not be established. Broker may not be available.] 
[2023-06-14 12:55:29,463] - [org.apache.kafka.clients.NetworkClient] [handleServerDisconnect] -> (WARN) [[Consumer clientId=consumer-myGroup1-1, groupId=myGroup1] Bootstrap broker localhost:9092 (id: -1 rack: null) disconnected] 
[2023-06-14 12:55:30,373] - [org.apache.kafka.clients.NetworkClient] [processDisconnection] -> (WARN) [[Consumer clientId=consumer-myGroup1-1, groupId=myGroup1] Connection to node -1 (localhost/127.0.0.1:9092) could not be established. Broker may not be available.] 
[2023-06-14 12:55:30,374] - [org.apache.kafka.clients.NetworkClient] [handleServerDisconnect] -> (WARN) [[Consumer clientId=consumer-myGroup1-1, groupId=myGroup1] Bootstrap broker localhost:9092 (id: -1 rack: null) disconnected] 
[2023-06-14 12:55:31,601] - [org.apache.kafka.clients.NetworkClient] [processDisconnection] -> (WARN) [[Consumer clientId=consumer-myGroup1-1, groupId=myGroup1] Connection to node -1 (localhost/127.0.0.1:9092) could not be established. Broker may not be available.] 
[2023-06-14 12:55:31,601] - [org.apache.kafka.clients.NetworkClient] [handleServerDisconnect] -> (WARN) [[Consumer clientId=consumer-myGroup1-1, groupId=myGroup1] Bootstrap broker localhost:9092 (id: -1 rack: null) disconnected] 
[2023-06-14 12:55:32,118] - [org.springframework.boot.admin.SpringApplicationAdminMXBeanRegistrar$SpringApplicationAdmin] [shutdown] -> (INFO) [Application shutdown requested.] 
[2023-06-14 12:55:32,210] - [org.camunda.bpm.container] [logInfo] -> (INFO) [ENGINE-08051 Process application trainingWorkflowApplication undeployed] 
[2023-06-14 12:55:32,231] - [org.apache.coyote.http11.Http11NioProtocol] [log] -> (INFO) [Pausing ProtocolHandler ["http-nio-9002"]] 
[2023-06-14 12:55:32,232] - [org.apache.catalina.core.StandardService] [log] -> (INFO) [Stopping service [Tomcat]] 
[2023-06-14 12:55:32,237] - [org.apache.coyote.http11.Http11NioProtocol] [log] -> (INFO) [Stopping ProtocolHandler ["http-nio-9002"]] 
[2023-06-14 12:55:32,240] - [org.apache.coyote.http11.Http11NioProtocol] [log] -> (INFO) [Destroying ProtocolHandler ["http-nio-9002"]] 
[2023-06-14 12:55:32,244] - [org.apache.kafka.clients.consumer.internals.ConsumerCoordinator] [resetStateAndGeneration] -> (INFO) [[Consumer clientId=consumer-myGroup1-1, groupId=myGroup1] Resetting generation due to: consumer pro-actively leaving the group] 
[2023-06-14 12:55:32,244] - [org.apache.kafka.clients.consumer.internals.ConsumerCoordinator] [requestRejoin] -> (INFO) [[Consumer clientId=consumer-myGroup1-1, groupId=myGroup1] Request joining group due to: consumer pro-actively leaving the group] 
[2023-06-14 12:55:32,244] - [org.apache.kafka.clients.consumer.KafkaConsumer] [unsubscribe] -> (INFO) [[Consumer clientId=consumer-myGroup1-1, groupId=myGroup1] Unsubscribed all topics or patterns and assigned partitions] 
[2023-06-14 12:55:32,244] - [org.apache.kafka.clients.consumer.internals.ConsumerCoordinator] [resetStateAndGeneration] -> (INFO) [[Consumer clientId=consumer-myGroup1-1, groupId=myGroup1] Resetting generation due to: consumer pro-actively leaving the group] 
[2023-06-14 12:55:32,245] - [org.apache.kafka.clients.consumer.internals.ConsumerCoordinator] [requestRejoin] -> (INFO) [[Consumer clientId=consumer-myGroup1-1, groupId=myGroup1] Request joining group due to: consumer pro-actively leaving the group] 
[2023-06-14 12:55:32,245] - [org.apache.kafka.common.metrics.Metrics] [close] -> (INFO) [Metrics scheduler closed] 
[2023-06-14 12:55:32,246] - [org.apache.kafka.common.metrics.Metrics] [close] -> (INFO) [Closing reporter org.apache.kafka.common.metrics.JmxReporter] 
[2023-06-14 12:55:32,246] - [org.apache.kafka.common.metrics.Metrics] [close] -> (INFO) [Metrics reporters closed] 
[2023-06-14 12:55:32,249] - [org.apache.kafka.common.utils.AppInfoParser] [unregisterAppInfo] -> (INFO) [App info kafka.consumer for consumer-myGroup1-1 unregistered] 
[2023-06-14 12:55:32,250] - [org.springframework.kafka.listener.KafkaMessageListenerContainer] [info] -> (INFO) [myGroup1: Consumer stopped] 
[2023-06-14 12:55:32,295] - [org.camunda.bpm.engine.jobexecutor] [logInfo] -> (INFO) [ENGINE-14015 Shutting down the JobExecutor[org.camunda.bpm.engine.spring.components.jobexecutor.SpringJobExecutor]] 
[2023-06-14 12:55:32,295] - [org.camunda.bpm.engine.jobexecutor] [logInfo] -> (INFO) [ENGINE-14020 JobExecutor[org.camunda.bpm.engine.spring.components.jobexecutor.SpringJobExecutor] stopped job acquisition] 
[2023-06-14 12:55:32,301] - [org.camunda.bpm.engine] [logInfo] -> (INFO) [ENGINE-00007 Process Engine default closed] 
[2023-06-14 12:55:32,302] - [org.springframework.orm.jpa.LocalContainerEntityManagerFactoryBean] [destroy] -> (INFO) [Closing JPA EntityManagerFactory for persistence unit 'default'] 
[2023-06-14 12:55:32,306] - [com.zaxxer.hikari.HikariDataSource] [close] -> (INFO) [HikariPool-1 - Shutdown initiated...] 
[2023-06-14 12:55:32,320] - [com.zaxxer.hikari.HikariDataSource] [close] -> (INFO) [HikariPool-1 - Shutdown completed.] 
[2023-06-14 12:57:18,961] - [org.hibernate.validator.internal.util.Version] [<clinit>] -> (INFO) [HV000001: Hibernate Validator 6.2.5.Final] 
[2023-06-14 12:57:19,005] - [com.hcl.elch.freshersuperchargers.trainingworkflow.TrainingWorkflowApplication] [logStarting] -> (INFO) [Starting TrainingWorkflowApplication using Java 17.0.4 on LP-5CG1369TJ6 with PID 624 (C:\Users\avula_aswini\OneDrive - HCL Technologies Ltd\Desktop\TrainingWorkflow\TrainingWorkflow\target\classes started by avula_aswini in C:\Users\avula_aswini\OneDrive - HCL Technologies Ltd\Desktop\TrainingWorkflow\TrainingWorkflow)] 
[2023-06-14 12:57:19,011] - [com.hcl.elch.freshersuperchargers.trainingworkflow.TrainingWorkflowApplication] [logStartupProfileInfo] -> (INFO) [No active profile set, falling back to 1 default profile: "default"] 
[2023-06-14 12:57:19,070] - [org.springframework.boot.devtools.restart.ChangeableUrls] [logTo] -> (INFO) [The Class-Path manifest attribute in C:\Users\avula_aswini\.m2\repository\org\glassfish\hk2\hk2\2.6.1\hk2-2.6.1.jar referenced one or more files that do not exist: file:/C:/Users/avula_aswini/.m2/repository/org/glassfish/hk2/hk2/2.6.1/hk2-utils.jar,file:/C:/Users/avula_aswini/.m2/repository/org/glassfish/hk2/hk2/2.6.1/jakarta.annotation-api.jar,file:/C:/Users/avula_aswini/.m2/repository/org/glassfish/hk2/hk2/2.6.1/jakarta.inject.jar,file:/C:/Users/avula_aswini/.m2/repository/org/glassfish/hk2/hk2/2.6.1/hk2-api.jar,file:/C:/Users/avula_aswini/.m2/repository/org/glassfish/hk2/hk2/2.6.1/aopalliance-repackaged.jar,file:/C:/Users/avula_aswini/.m2/repository/org/glassfish/hk2/hk2/2.6.1/hk2-core.jar,file:/C:/Users/avula_aswini/.m2/repository/org/glassfish/hk2/hk2/2.6.1/hk2-locator.jar,file:/C:/Users/avula_aswini/.m2/repository/org/glassfish/hk2/hk2/2.6.1/javassist.jar,file:/C:/Users/avula_aswini/.m2/repository/org/glassfish/hk2/hk2/2.6.1/hk2-runlevel.jar,file:/C:/Users/avula_aswini/.m2/repository/org/glassfish/hk2/hk2/2.6.1/class-model.jar,file:/C:/Users/avula_aswini/.m2/repository/org/glassfish/hk2/hk2/2.6.1/asm.jar,file:/C:/Users/avula_aswini/.m2/repository/org/glassfish/hk2/hk2/2.6.1/asm-analysis.jar,file:/C:/Users/avula_aswini/.m2/repository/org/glassfish/hk2/hk2/2.6.1/asm-commons.jar,file:/C:/Users/avula_aswini/.m2/repository/org/glassfish/hk2/hk2/2.6.1/asm-tree.jar,file:/C:/Users/avula_aswini/.m2/repository/org/glassfish/hk2/hk2/2.6.1/asm-util.jar] 
[2023-06-14 12:57:19,071] - [org.springframework.boot.devtools.env.DevToolsPropertyDefaultsPostProcessor] [logTo] -> (INFO) [Devtools property defaults active! Set 'spring.devtools.add-properties' to 'false' to disable] 
[2023-06-14 12:57:19,071] - [org.springframework.boot.devtools.env.DevToolsPropertyDefaultsPostProcessor] [logTo] -> (INFO) [For additional web related logging consider setting the 'logging.level.web' property to 'DEBUG'] 
[2023-06-14 12:57:19,944] - [org.springframework.data.repository.config.RepositoryConfigurationDelegate] [registerRepositoriesIn] -> (INFO) [Bootstrapping Spring Data JPA repositories in DEFAULT mode.] 
[2023-06-14 12:57:20,036] - [org.springframework.data.repository.config.RepositoryConfigurationDelegate] [registerRepositoriesIn] -> (INFO) [Finished Spring Data repository scanning in 84 ms. Found 5 JPA repository interfaces.] 
[2023-06-14 12:57:20,928] - [org.springframework.boot.web.embedded.tomcat.TomcatWebServer] [initialize] -> (INFO) [Tomcat initialized with port(s): 9002 (http)] 
[2023-06-14 12:57:20,939] - [org.apache.coyote.http11.Http11NioProtocol] [log] -> (INFO) [Initializing ProtocolHandler ["http-nio-9002"]] 
[2023-06-14 12:57:20,941] - [org.apache.catalina.core.StandardService] [log] -> (INFO) [Starting service [Tomcat]] 
[2023-06-14 12:57:20,941] - [org.apache.catalina.core.StandardEngine] [log] -> (INFO) [Starting Servlet engine: [Apache Tomcat/9.0.65]] 
[2023-06-14 12:57:21,733] - [org.apache.catalina.core.ContainerBase.[Tomcat].[localhost].[/]] [log] -> (INFO) [Initializing Spring embedded WebApplicationContext] 
[2023-06-14 12:57:21,733] - [org.springframework.boot.web.servlet.context.ServletWebServerApplicationContext] [prepareWebApplicationContext] -> (INFO) [Root WebApplicationContext: initialization completed in 2661 ms] 
[2023-06-14 12:57:21,758] - [org.camunda.bpm.spring.boot.starter.rest.CamundaJerseyResourceConfig] [registerCamundaRestResources] -> (INFO) [Configuring camunda rest api.] 
[2023-06-14 12:57:21,777] - [org.camunda.bpm.spring.boot.starter.rest.CamundaJerseyResourceConfig] [registerCamundaRestResources] -> (INFO) [Finished configuring camunda rest api.] 
[2023-06-14 12:57:22,109] - [org.hibernate.jpa.internal.util.LogHelper] [logPersistenceUnitInformation] -> (INFO) [HHH000204: Processing PersistenceUnitInfo [name: default]] 
[2023-06-14 12:57:22,164] - [org.hibernate.Version] [logVersion] -> (INFO) [HHH000412: Hibernate ORM core version 5.6.11.Final] 
[2023-06-14 12:57:22,332] - [org.hibernate.annotations.common.Version] [<clinit>] -> (INFO) [HCANN000001: Hibernate Commons Annotations {5.1.2.Final}] 
[2023-06-14 12:57:22,444] - [com.zaxxer.hikari.HikariDataSource] [getConnection] -> (INFO) [HikariPool-1 - Starting...] 
[2023-06-14 12:57:22,753] - [com.zaxxer.hikari.HikariDataSource] [getConnection] -> (INFO) [HikariPool-1 - Start completed.] 
[2023-06-14 12:57:22,769] - [org.hibernate.dialect.Dialect] [<init>] -> (INFO) [HHH000400: Using dialect: org.hibernate.dialect.MySQL5InnoDBDialect] 
[2023-06-14 12:57:23,482] - [org.hibernate.engine.transaction.jta.platform.internal.JtaPlatformInitiator] [initiateService] -> (INFO) [HHH000490: Using JtaPlatform implementation: [org.hibernate.engine.transaction.jta.platform.internal.NoJtaPlatform]] 
[2023-06-14 12:57:23,492] - [org.springframework.orm.jpa.LocalContainerEntityManagerFactoryBean] [buildNativeEntityManagerFactory] -> (INFO) [Initialized JPA EntityManagerFactory for persistence unit 'default'] 
[2023-06-14 12:57:23,634] - [org.camunda.bpm.spring.boot] [logInfo] -> (INFO) [STARTER-SB040 Setting up jobExecutor with corePoolSize=3, maxPoolSize:10] 
[2023-06-14 12:57:23,725] - [org.camunda.bpm.engine.cfg] [logInfo] -> (INFO) [ENGINE-12003 Plugin 'CompositeProcessEnginePlugin[genericPropertiesConfiguration, camundaProcessEngineConfiguration, camundaDatasourceConfiguration, camundaJpaConfiguration, camundaJobConfiguration, camundaHistoryConfiguration, camundaMetricsConfiguration, camundaAuthorizationConfiguration, CreateAdminUserConfiguration[adminUser=AdminUserProperty[id=Test, firstName=Test, lastName=Test, email=Test@localhost, password=******]], failedJobConfiguration, CreateFilterConfiguration[filterName=All tasks], disableDeploymentResourcePattern, eventPublisherPlugin, ApplicationContextClassloaderSwitchPlugin, SpringBootSpinProcessEnginePlugin]' activated on process engine 'default'] 
[2023-06-14 12:57:23,729] - [org.camunda.bpm.spring.boot] [logInfo] -> (INFO) [STARTER-SB020 ProcessApplication enabled: autoDeployment via springConfiguration#deploymentResourcePattern is disabled] 
[2023-06-14 12:57:23,730] - [org.camunda.bpm.spring.boot.starter.event.EventPublisherPlugin] [preInit] -> (INFO) [EVENTING-001: Initialized Camunda Spring Boot Eventing Engine Plugin.] 
[2023-06-14 12:57:23,730] - [org.camunda.bpm.spring.boot.starter.event.EventPublisherPlugin] [preInit] -> (INFO) [EVENTING-003: Task events will be published as Spring Events.] 
[2023-06-14 12:57:23,730] - [org.camunda.bpm.spring.boot.starter.event.EventPublisherPlugin] [preInit] -> (INFO) [EVENTING-005: Execution events will be published as Spring Events.] 
[2023-06-14 12:57:23,732] - [org.camunda.bpm.spring.boot.starter.event.EventPublisherPlugin] [preInit] -> (INFO) [EVENTING-007: History events will be published as Spring events.] 
[2023-06-14 12:57:23,738] - [org.camunda.spin] [logInfo] -> (INFO) [SPIN-01010 Discovered Spin data format provider: org.camunda.spin.impl.json.jackson.format.JacksonJsonDataFormatProvider[name = application/json]] 
[2023-06-14 12:57:23,927] - [org.camunda.spin] [logInfo] -> (INFO) [SPIN-01010 Discovered Spin data format provider: org.camunda.spin.impl.xml.dom.format.DomXmlDataFormatProvider[name = application/xml]] 
[2023-06-14 12:57:24,001] - [org.camunda.spin] [logInfo] -> (INFO) [SPIN-01009 Discovered Spin data format: org.camunda.spin.impl.xml.dom.format.DomXmlDataFormat[name = application/xml]] 
[2023-06-14 12:57:24,001] - [org.camunda.spin] [logInfo] -> (INFO) [SPIN-01009 Discovered Spin data format: org.camunda.spin.impl.json.jackson.format.JacksonJsonDataFormat[name = application/json]] 
[2023-06-14 12:57:24,180] - [org.camunda.bpm.dmn.feel.scala] [logInfo] -> (INFO) [FEEL/SCALA-01001 Spin value mapper detected] 
[2023-06-14 12:57:24,243] - [org.camunda.feel.FeelEngine] [<init>] -> (INFO) [Engine created. [value-mapper: CompositeValueMapper(List(org.camunda.feel.impl.JavaValueMapper@4be783fc, org.camunda.spin.plugin.impl.feel.integration.SpinValueMapper@7179db55)), function-provider: org.camunda.bpm.dmn.feel.impl.scala.function.CustomFunctionTransformer@3bd43bc7, clock: SystemClock, configuration: Configuration(false)]] 
[2023-06-14 12:57:28,395] - [org.camunda.bpm.connect] [logInfo] -> (INFO) [CNCT-01004 Discovered provider for connector id 'http-connector' and class 'org.camunda.connect.httpclient.impl.HttpConnectorImpl': 'org.camunda.connect.httpclient.impl.HttpConnectorProviderImpl'] 
[2023-06-14 12:57:28,398] - [org.camunda.bpm.connect] [logInfo] -> (INFO) [CNCT-01004 Discovered provider for connector id 'soap-http-connector' and class 'org.camunda.connect.httpclient.soap.impl.SoapHttpConnectorImpl': 'org.camunda.connect.httpclient.soap.impl.SoapHttpConnectorProviderImpl'] 
[2023-06-14 12:57:28,618] - [org.camunda.bpm.engine] [logInfo] -> (INFO) [ENGINE-00001 Process Engine default created.] 
[2023-06-14 12:57:28,662] - [org.camunda.bpm.spring.boot] [logInfo] -> (INFO) [STARTER-SB011 Skip creating initial Admin User, user does exist: UserEntity[id=Test, revision=9, firstName=Test, lastName=Test, email=Test@localhost, password={SHA-512}9LhJs1JrH9QvBj25bDdcoYs2BE1Md2UQIyCvNaehfEb0UHwsZQU1e96r4RQQt+CxIfyG/U789goOiCV4sqixmw==, salt=yR5w1Tf9ZJnomA+t0CXifw==, lockExpirationTime=null, attempts=0]] 
[2023-06-14 12:57:28,668] - [org.camunda.bpm.spring.boot] [logInfo] -> (INFO) [STARTER-SB016 Skip initial filter creation, the filter with this name already exists: All tasks] 
[2023-06-14 12:57:28,897] - [org.drools.compiler.kie.builder.impl.KieBuilderImpl] [packageNameForFile] -> (WARN) [File 'rules/tasks.drl' is in folder 'rules' but declares package 'com.foobat'. It is advised to have a correspondance between package and folder names.] 
[2023-06-14 12:57:29,827] - [org.springframework.boot.autoconfigure.orm.jpa.JpaBaseConfiguration$JpaWebConfiguration] [openEntityManagerInViewInterceptor] -> (WARN) [spring.jpa.open-in-view is enabled by default. Therefore, database queries may be performed during view rendering. Explicitly configure spring.jpa.open-in-view to disable this warning] 
[2023-06-14 12:57:30,256] - [org.camunda.bpm.spring.boot.starter.webapp.filter.LazyInitRegistration] [lazyInit] -> (INFO) [lazy initialized org.camunda.bpm.spring.boot.starter.webapp.filter.LazySecurityFilter@46fd3781] 
[2023-06-14 12:57:30,258] - [org.camunda.bpm.spring.boot.starter.webapp.filter.LazyInitRegistration] [lazyInit] -> (INFO) [lazy initialized org.camunda.bpm.spring.boot.starter.webapp.filter.LazyProcessEnginesFilter@48ec891] 
[2023-06-14 12:57:30,532] - [org.springframework.boot.devtools.autoconfigure.OptionalLiveReloadServer] [startServer] -> (INFO) [LiveReload server is running on port 35729] 
[2023-06-14 12:57:30,654] - [org.apache.kafka.clients.consumer.ConsumerConfig] [logAll] -> (INFO) [ConsumerConfig values: 
	allow.auto.create.topics = true
	auto.commit.interval.ms = 5000
	auto.offset.reset = earliest
	bootstrap.servers = [localhost:9092]
	check.crcs = true
	client.dns.lookup = use_all_dns_ips
	client.id = consumer-myGroup1-1
	client.rack = 
	connections.max.idle.ms = 540000
	default.api.timeout.ms = 60000
	enable.auto.commit = false
	exclude.internal.topics = true
	fetch.max.bytes = 52428800
	fetch.max.wait.ms = 500
	fetch.min.bytes = 1
	group.id = myGroup1
	group.instance.id = null
	heartbeat.interval.ms = 3000
	interceptor.classes = []
	internal.leave.group.on.close = true
	internal.throw.on.fetch.stable.offset.unsupported = false
	isolation.level = read_uncommitted
	key.deserializer = class org.apache.kafka.common.serialization.StringDeserializer
	max.partition.fetch.bytes = 1048576
	max.poll.interval.ms = 300000
	max.poll.records = 500
	metadata.max.age.ms = 300000
	metric.reporters = []
	metrics.num.samples = 2
	metrics.recording.level = INFO
	metrics.sample.window.ms = 30000
	partition.assignment.strategy = [class org.apache.kafka.clients.consumer.RangeAssignor, class org.apache.kafka.clients.consumer.CooperativeStickyAssignor]
	receive.buffer.bytes = 65536
	reconnect.backoff.max.ms = 1000
	reconnect.backoff.ms = 50
	request.timeout.ms = 30000
	retry.backoff.ms = 100
	sasl.client.callback.handler.class = null
	sasl.jaas.config = null
	sasl.kerberos.kinit.cmd = /usr/bin/kinit
	sasl.kerberos.min.time.before.relogin = 60000
	sasl.kerberos.service.name = null
	sasl.kerberos.ticket.renew.jitter = 0.05
	sasl.kerberos.ticket.renew.window.factor = 0.8
	sasl.login.callback.handler.class = null
	sasl.login.class = null
	sasl.login.refresh.buffer.seconds = 300
	sasl.login.refresh.min.period.seconds = 60
	sasl.login.refresh.window.factor = 0.8
	sasl.login.refresh.window.jitter = 0.05
	sasl.mechanism = GSSAPI
	security.protocol = PLAINTEXT
	security.providers = null
	send.buffer.bytes = 131072
	session.timeout.ms = 45000
	socket.connection.setup.timeout.max.ms = 30000
	socket.connection.setup.timeout.ms = 10000
	ssl.cipher.suites = null
	ssl.enabled.protocols = [TLSv1.2, TLSv1.3]
	ssl.endpoint.identification.algorithm = https
	ssl.engine.factory.class = null
	ssl.key.password = null
	ssl.keymanager.algorithm = SunX509
	ssl.keystore.certificate.chain = null
	ssl.keystore.key = null
	ssl.keystore.location = null
	ssl.keystore.password = null
	ssl.keystore.type = JKS
	ssl.protocol = TLSv1.3
	ssl.provider = null
	ssl.secure.random.implementation = null
	ssl.trustmanager.algorithm = PKIX
	ssl.truststore.certificates = null
	ssl.truststore.location = null
	ssl.truststore.password = null
	ssl.truststore.type = JKS
	value.deserializer = class org.apache.kafka.common.serialization.StringDeserializer
] 
[2023-06-14 12:57:30,792] - [org.apache.kafka.clients.consumer.ConsumerConfig] [logUnused] -> (WARN) [The configuration 'spring.json.trusted.packages' was supplied but isn't a known config.] 
[2023-06-14 12:57:30,793] - [org.apache.kafka.clients.consumer.ConsumerConfig] [logUnused] -> (WARN) [The configuration 'spring.deserializer.value.delegate.class' was supplied but isn't a known config.] 
[2023-06-14 12:57:30,796] - [org.apache.kafka.common.utils.AppInfoParser] [<init>] -> (INFO) [Kafka version: 3.0.2] 
[2023-06-14 12:57:30,796] - [org.apache.kafka.common.utils.AppInfoParser] [<init>] -> (INFO) [Kafka commitId: 25b1aea02e37da14] 
[2023-06-14 12:57:30,796] - [org.apache.kafka.common.utils.AppInfoParser] [<init>] -> (INFO) [Kafka startTimeMs: 1686727650793] 
[2023-06-14 12:57:30,801] - [org.apache.kafka.clients.consumer.KafkaConsumer] [subscribe] -> (INFO) [[Consumer clientId=consumer-myGroup1-1, groupId=myGroup1] Subscribed to topic(s): newTask] 
[2023-06-14 12:57:30,811] - [org.apache.coyote.http11.Http11NioProtocol] [log] -> (INFO) [Starting ProtocolHandler ["http-nio-9002"]] 
[2023-06-14 12:57:30,839] - [org.springframework.boot.web.embedded.tomcat.TomcatWebServer] [start] -> (INFO) [Tomcat started on port(s): 9002 (http) with context path ''] 
[2023-06-14 12:57:30,869] - [org.camunda.bpm.container] [logInfo] -> (INFO) [ENGINE-08024 Found processes.xml file at file:/C:/Users/avula_aswini/OneDrive%20-%20HCL%20Technologies%20Ltd/Desktop/TrainingWorkflow/TrainingWorkflow/target/classes/META-INF/processes.xml] 
[2023-06-14 12:57:30,954] - [org.camunda.bpm.container] [logInfo] -> (INFO) [ENGINE-08023 Deployment summary for process archive 'trainingWorkflowApplication': 

        userform.form
        training-workflow.bpmn
] 
[2023-06-14 12:57:31,272] - [org.apache.kafka.clients.Metadata] [updateLatestMetadata] -> (INFO) [[Consumer clientId=consumer-myGroup1-1, groupId=myGroup1] Resetting the last seen epoch of partition newTask-0 to 0 since the associated topicId changed from null to CSIrrRtDSM-M0g4I273wzg] 
[2023-06-14 12:57:31,275] - [org.apache.kafka.clients.Metadata] [update] -> (INFO) [[Consumer clientId=consumer-myGroup1-1, groupId=myGroup1] Cluster ID: 8Ov9q0YuRAG4XPY4pMh9CA] 
[2023-06-14 12:57:31,277] - [org.apache.kafka.clients.consumer.internals.ConsumerCoordinator] [onSuccess] -> (INFO) [[Consumer clientId=consumer-myGroup1-1, groupId=myGroup1] Discovered group coordinator LP-5CG1369TJ6.HCLT.CORP.HCL.IN:9092 (id: 2147483647 rack: null)] 
[2023-06-14 12:57:31,286] - [org.apache.kafka.clients.consumer.internals.ConsumerCoordinator] [sendJoinGroupRequest] -> (INFO) [[Consumer clientId=consumer-myGroup1-1, groupId=myGroup1] (Re-)joining group] 
[2023-06-14 12:57:31,318] - [org.apache.kafka.clients.consumer.internals.ConsumerCoordinator] [requestRejoin] -> (INFO) [[Consumer clientId=consumer-myGroup1-1, groupId=myGroup1] Request joining group due to: need to re-join with the given member-id] 
[2023-06-14 12:57:31,319] - [org.apache.kafka.clients.consumer.internals.ConsumerCoordinator] [sendJoinGroupRequest] -> (INFO) [[Consumer clientId=consumer-myGroup1-1, groupId=myGroup1] (Re-)joining group] 
[2023-06-14 12:57:31,330] - [org.camunda.bpm.application] [logInfo] -> (INFO) [ENGINE-07021 ProcessApplication 'trainingWorkflowApplication' registered for DB deployments [1dffaa4e-0687-11ee-b55b-f889d2161e62]. Will execute process definitions 

        Decision[version: 1, id: Decision:1:1e0d8d01-0687-11ee-b55b-f889d2161e62]
Deployment does not provide any case definitions.] 
[2023-06-14 12:57:31,339] - [org.apache.kafka.clients.consumer.internals.ConsumerCoordinator] [handle] -> (INFO) [[Consumer clientId=consumer-myGroup1-1, groupId=myGroup1] Successfully joined group with generation Generation{generationId=327, memberId='consumer-myGroup1-1-e33d76b1-41ef-46cf-a594-f400252f7409', protocol='range'}] 
[2023-06-14 12:57:31,342] - [org.camunda.bpm.container] [logInfo] -> (INFO) [ENGINE-08050 Process application trainingWorkflowApplication successfully deployed] 
[2023-06-14 12:57:31,343] - [org.apache.kafka.clients.consumer.internals.ConsumerCoordinator] [performAssignment] -> (INFO) [[Consumer clientId=consumer-myGroup1-1, groupId=myGroup1] Finished assignment for group at generation 327: {consumer-myGroup1-1-e33d76b1-41ef-46cf-a594-f400252f7409=Assignment(partitions=[newTask-0])}] 
[2023-06-14 12:57:31,348] - [com.hcl.elch.freshersuperchargers.trainingworkflow.TrainingWorkflowApplication] [logStarted] -> (INFO) [Started TrainingWorkflowApplication in 12.693 seconds (JVM running for 15.887)] 
[2023-06-14 12:57:31,354] - [org.camunda.bpm.engine.jobexecutor] [logInfo] -> (INFO) [ENGINE-14014 Starting up the JobExecutor[org.camunda.bpm.engine.spring.components.jobexecutor.SpringJobExecutor].] 
[2023-06-14 12:57:31,358] - [org.camunda.bpm.engine.jobexecutor] [logInfo] -> (INFO) [ENGINE-14018 JobExecutor[org.camunda.bpm.engine.spring.components.jobexecutor.SpringJobExecutor] starting to acquire jobs] 
[2023-06-14 12:57:31,371] - [org.apache.kafka.clients.consumer.internals.ConsumerCoordinator] [handle] -> (INFO) [[Consumer clientId=consumer-myGroup1-1, groupId=myGroup1] Successfully synced group in generation Generation{generationId=327, memberId='consumer-myGroup1-1-e33d76b1-41ef-46cf-a594-f400252f7409', protocol='range'}] 
[2023-06-14 12:57:31,372] - [org.apache.kafka.clients.consumer.internals.ConsumerCoordinator] [invokeOnAssignment] -> (INFO) [[Consumer clientId=consumer-myGroup1-1, groupId=myGroup1] Notifying assignor about the new Assignment(partitions=[newTask-0])] 
[2023-06-14 12:57:31,376] - [org.apache.kafka.clients.consumer.internals.ConsumerCoordinator] [invokePartitionsAssigned] -> (INFO) [[Consumer clientId=consumer-myGroup1-1, groupId=myGroup1] Adding newly assigned partitions: newTask-0] 
[2023-06-14 12:57:31,393] - [org.apache.kafka.clients.consumer.internals.ConsumerCoordinator] [refreshCommittedOffsetsIfNeeded] -> (INFO) [[Consumer clientId=consumer-myGroup1-1, groupId=myGroup1] Setting offset for partition newTask-0 to the committed offset FetchPosition{offset=60, offsetEpoch=Optional.empty, currentLeader=LeaderAndEpoch{leader=Optional[LP-5CG1369TJ6.HCLT.CORP.HCL.IN:9092 (id: 0 rack: null)], epoch=0}}] 
[2023-06-14 12:57:31,395] - [org.springframework.kafka.listener.KafkaMessageListenerContainer] [info] -> (INFO) [myGroup1: partitions assigned: [newTask-0]] 
[2023-06-14 12:57:50,633] - [org.apache.catalina.core.ContainerBase.[Tomcat].[localhost].[/]] [log] -> (INFO) [Initializing Spring DispatcherServlet 'dispatcherServlet'] 
[2023-06-14 12:57:50,633] - [org.springframework.web.servlet.DispatcherServlet] [initServletBean] -> (INFO) [Initializing Servlet 'dispatcherServlet'] 
[2023-06-14 12:57:50,636] - [org.springframework.web.servlet.DispatcherServlet] [initServletBean] -> (INFO) [Completed initialization in 2 ms] 
[2023-06-14 12:58:37,562] - [org.springframework.boot.admin.SpringApplicationAdminMXBeanRegistrar$SpringApplicationAdmin] [shutdown] -> (INFO) [Application shutdown requested.] 
[2023-06-14 12:58:37,575] - [org.camunda.bpm.container] [logInfo] -> (INFO) [ENGINE-08051 Process application trainingWorkflowApplication undeployed] 
[2023-06-14 12:58:37,603] - [org.apache.coyote.http11.Http11NioProtocol] [log] -> (INFO) [Pausing ProtocolHandler ["http-nio-9002"]] 
[2023-06-14 12:58:37,604] - [org.apache.catalina.core.StandardService] [log] -> (INFO) [Stopping service [Tomcat]] 
[2023-06-14 12:58:37,611] - [org.apache.catalina.core.ContainerBase.[Tomcat].[localhost].[/]] [log] -> (INFO) [Destroying Spring FrameworkServlet 'dispatcherServlet'] 
[2023-06-14 12:58:37,629] - [org.apache.coyote.http11.Http11NioProtocol] [log] -> (INFO) [Stopping ProtocolHandler ["http-nio-9002"]] 
[2023-06-14 12:58:37,632] - [org.apache.coyote.http11.Http11NioProtocol] [log] -> (INFO) [Destroying ProtocolHandler ["http-nio-9002"]] 
[2023-06-14 12:58:37,635] - [org.apache.kafka.clients.consumer.internals.ConsumerCoordinator] [invokePartitionsRevoked] -> (INFO) [[Consumer clientId=consumer-myGroup1-1, groupId=myGroup1] Revoke previously assigned partitions newTask-0] 
[2023-06-14 12:58:37,636] - [org.springframework.kafka.listener.KafkaMessageListenerContainer] [info] -> (INFO) [myGroup1: partitions revoked: [newTask-0]] 
[2023-06-14 12:58:37,637] - [org.apache.kafka.clients.consumer.internals.ConsumerCoordinator] [maybeLeaveGroup] -> (INFO) [[Consumer clientId=consumer-myGroup1-1, groupId=myGroup1] Member consumer-myGroup1-1-e33d76b1-41ef-46cf-a594-f400252f7409 sending LeaveGroup request to coordinator LP-5CG1369TJ6.HCLT.CORP.HCL.IN:9092 (id: 2147483647 rack: null) due to the consumer unsubscribed from all topics] 
[2023-06-14 12:58:37,638] - [org.apache.kafka.clients.consumer.internals.ConsumerCoordinator] [resetStateAndGeneration] -> (INFO) [[Consumer clientId=consumer-myGroup1-1, groupId=myGroup1] Resetting generation due to: consumer pro-actively leaving the group] 
[2023-06-14 12:58:37,638] - [org.apache.kafka.clients.consumer.internals.ConsumerCoordinator] [requestRejoin] -> (INFO) [[Consumer clientId=consumer-myGroup1-1, groupId=myGroup1] Request joining group due to: consumer pro-actively leaving the group] 
[2023-06-14 12:58:37,638] - [org.apache.kafka.clients.consumer.KafkaConsumer] [unsubscribe] -> (INFO) [[Consumer clientId=consumer-myGroup1-1, groupId=myGroup1] Unsubscribed all topics or patterns and assigned partitions] 
[2023-06-14 12:58:37,638] - [org.apache.kafka.clients.consumer.internals.ConsumerCoordinator] [resetStateAndGeneration] -> (INFO) [[Consumer clientId=consumer-myGroup1-1, groupId=myGroup1] Resetting generation due to: consumer pro-actively leaving the group] 
[2023-06-14 12:58:37,638] - [org.apache.kafka.clients.consumer.internals.ConsumerCoordinator] [requestRejoin] -> (INFO) [[Consumer clientId=consumer-myGroup1-1, groupId=myGroup1] Request joining group due to: consumer pro-actively leaving the group] 
[2023-06-14 12:58:37,648] - [org.apache.kafka.common.metrics.Metrics] [close] -> (INFO) [Metrics scheduler closed] 
[2023-06-14 12:58:37,649] - [org.apache.kafka.common.metrics.Metrics] [close] -> (INFO) [Closing reporter org.apache.kafka.common.metrics.JmxReporter] 
[2023-06-14 12:58:37,649] - [org.apache.kafka.common.metrics.Metrics] [close] -> (INFO) [Metrics reporters closed] 
[2023-06-14 12:58:37,653] - [org.apache.kafka.common.utils.AppInfoParser] [unregisterAppInfo] -> (INFO) [App info kafka.consumer for consumer-myGroup1-1 unregistered] 
[2023-06-14 12:58:37,654] - [org.springframework.kafka.listener.KafkaMessageListenerContainer] [info] -> (INFO) [myGroup1: Consumer stopped] 
[2023-06-14 12:58:37,673] - [org.camunda.bpm.engine.jobexecutor] [logInfo] -> (INFO) [ENGINE-14015 Shutting down the JobExecutor[org.camunda.bpm.engine.spring.components.jobexecutor.SpringJobExecutor]] 
[2023-06-14 12:58:37,674] - [org.camunda.bpm.engine.jobexecutor] [logInfo] -> (INFO) [ENGINE-14020 JobExecutor[org.camunda.bpm.engine.spring.components.jobexecutor.SpringJobExecutor] stopped job acquisition] 
[2023-06-14 12:58:37,679] - [org.camunda.bpm.engine] [logInfo] -> (INFO) [ENGINE-00007 Process Engine default closed] 
[2023-06-14 12:58:37,679] - [org.springframework.orm.jpa.LocalContainerEntityManagerFactoryBean] [destroy] -> (INFO) [Closing JPA EntityManagerFactory for persistence unit 'default'] 
[2023-06-14 12:58:37,683] - [com.zaxxer.hikari.HikariDataSource] [close] -> (INFO) [HikariPool-1 - Shutdown initiated...] 
[2023-06-14 12:58:37,698] - [com.zaxxer.hikari.HikariDataSource] [close] -> (INFO) [HikariPool-1 - Shutdown completed.] 
[2023-06-14 12:58:55,228] - [org.hibernate.validator.internal.util.Version] [<clinit>] -> (INFO) [HV000001: Hibernate Validator 6.2.5.Final] 
[2023-06-14 12:58:55,271] - [com.hcl.elch.freshersuperchargers.trainingworkflow.TrainingWorkflowApplication] [logStarting] -> (INFO) [Starting TrainingWorkflowApplication using Java 17.0.4 on LP-5CG1369TJ6 with PID 17568 (C:\Users\avula_aswini\OneDrive - HCL Technologies Ltd\Desktop\TrainingWorkflow\TrainingWorkflow\target\classes started by avula_aswini in C:\Users\avula_aswini\OneDrive - HCL Technologies Ltd\Desktop\TrainingWorkflow\TrainingWorkflow)] 
[2023-06-14 12:58:55,277] - [com.hcl.elch.freshersuperchargers.trainingworkflow.TrainingWorkflowApplication] [logStartupProfileInfo] -> (INFO) [No active profile set, falling back to 1 default profile: "default"] 
[2023-06-14 12:58:55,342] - [org.springframework.boot.devtools.restart.ChangeableUrls] [logTo] -> (INFO) [The Class-Path manifest attribute in C:\Users\avula_aswini\.m2\repository\org\glassfish\hk2\hk2\2.6.1\hk2-2.6.1.jar referenced one or more files that do not exist: file:/C:/Users/avula_aswini/.m2/repository/org/glassfish/hk2/hk2/2.6.1/hk2-utils.jar,file:/C:/Users/avula_aswini/.m2/repository/org/glassfish/hk2/hk2/2.6.1/jakarta.annotation-api.jar,file:/C:/Users/avula_aswini/.m2/repository/org/glassfish/hk2/hk2/2.6.1/jakarta.inject.jar,file:/C:/Users/avula_aswini/.m2/repository/org/glassfish/hk2/hk2/2.6.1/hk2-api.jar,file:/C:/Users/avula_aswini/.m2/repository/org/glassfish/hk2/hk2/2.6.1/aopalliance-repackaged.jar,file:/C:/Users/avula_aswini/.m2/repository/org/glassfish/hk2/hk2/2.6.1/hk2-core.jar,file:/C:/Users/avula_aswini/.m2/repository/org/glassfish/hk2/hk2/2.6.1/hk2-locator.jar,file:/C:/Users/avula_aswini/.m2/repository/org/glassfish/hk2/hk2/2.6.1/javassist.jar,file:/C:/Users/avula_aswini/.m2/repository/org/glassfish/hk2/hk2/2.6.1/hk2-runlevel.jar,file:/C:/Users/avula_aswini/.m2/repository/org/glassfish/hk2/hk2/2.6.1/class-model.jar,file:/C:/Users/avula_aswini/.m2/repository/org/glassfish/hk2/hk2/2.6.1/asm.jar,file:/C:/Users/avula_aswini/.m2/repository/org/glassfish/hk2/hk2/2.6.1/asm-analysis.jar,file:/C:/Users/avula_aswini/.m2/repository/org/glassfish/hk2/hk2/2.6.1/asm-commons.jar,file:/C:/Users/avula_aswini/.m2/repository/org/glassfish/hk2/hk2/2.6.1/asm-tree.jar,file:/C:/Users/avula_aswini/.m2/repository/org/glassfish/hk2/hk2/2.6.1/asm-util.jar] 
[2023-06-14 12:58:55,343] - [org.springframework.boot.devtools.env.DevToolsPropertyDefaultsPostProcessor] [logTo] -> (INFO) [Devtools property defaults active! Set 'spring.devtools.add-properties' to 'false' to disable] 
[2023-06-14 12:58:55,343] - [org.springframework.boot.devtools.env.DevToolsPropertyDefaultsPostProcessor] [logTo] -> (INFO) [For additional web related logging consider setting the 'logging.level.web' property to 'DEBUG'] 
[2023-06-14 12:58:56,157] - [org.springframework.data.repository.config.RepositoryConfigurationDelegate] [registerRepositoriesIn] -> (INFO) [Bootstrapping Spring Data JPA repositories in DEFAULT mode.] 
[2023-06-14 12:58:56,248] - [org.springframework.data.repository.config.RepositoryConfigurationDelegate] [registerRepositoriesIn] -> (INFO) [Finished Spring Data repository scanning in 80 ms. Found 5 JPA repository interfaces.] 
[2023-06-14 12:58:57,044] - [org.springframework.boot.web.embedded.tomcat.TomcatWebServer] [initialize] -> (INFO) [Tomcat initialized with port(s): 9002 (http)] 
[2023-06-14 12:58:57,054] - [org.apache.coyote.http11.Http11NioProtocol] [log] -> (INFO) [Initializing ProtocolHandler ["http-nio-9002"]] 
[2023-06-14 12:58:57,055] - [org.apache.catalina.core.StandardService] [log] -> (INFO) [Starting service [Tomcat]] 
[2023-06-14 12:58:57,055] - [org.apache.catalina.core.StandardEngine] [log] -> (INFO) [Starting Servlet engine: [Apache Tomcat/9.0.65]] 
[2023-06-14 12:58:57,797] - [org.apache.catalina.core.ContainerBase.[Tomcat].[localhost].[/]] [log] -> (INFO) [Initializing Spring embedded WebApplicationContext] 
[2023-06-14 12:58:57,798] - [org.springframework.boot.web.servlet.context.ServletWebServerApplicationContext] [prepareWebApplicationContext] -> (INFO) [Root WebApplicationContext: initialization completed in 2453 ms] 
[2023-06-14 12:58:57,821] - [org.camunda.bpm.spring.boot.starter.rest.CamundaJerseyResourceConfig] [registerCamundaRestResources] -> (INFO) [Configuring camunda rest api.] 
[2023-06-14 12:58:57,841] - [org.camunda.bpm.spring.boot.starter.rest.CamundaJerseyResourceConfig] [registerCamundaRestResources] -> (INFO) [Finished configuring camunda rest api.] 
[2023-06-14 12:58:58,192] - [org.hibernate.jpa.internal.util.LogHelper] [logPersistenceUnitInformation] -> (INFO) [HHH000204: Processing PersistenceUnitInfo [name: default]] 
[2023-06-14 12:58:58,248] - [org.hibernate.Version] [logVersion] -> (INFO) [HHH000412: Hibernate ORM core version 5.6.11.Final] 
[2023-06-14 12:58:58,405] - [org.hibernate.annotations.common.Version] [<clinit>] -> (INFO) [HCANN000001: Hibernate Commons Annotations {5.1.2.Final}] 
[2023-06-14 12:58:58,499] - [com.zaxxer.hikari.HikariDataSource] [getConnection] -> (INFO) [HikariPool-1 - Starting...] 
[2023-06-14 12:58:58,834] - [com.zaxxer.hikari.HikariDataSource] [getConnection] -> (INFO) [HikariPool-1 - Start completed.] 
[2023-06-14 12:58:58,851] - [org.hibernate.dialect.Dialect] [<init>] -> (INFO) [HHH000400: Using dialect: org.hibernate.dialect.MySQL5InnoDBDialect] 
[2023-06-14 12:58:59,573] - [org.hibernate.engine.transaction.jta.platform.internal.JtaPlatformInitiator] [initiateService] -> (INFO) [HHH000490: Using JtaPlatform implementation: [org.hibernate.engine.transaction.jta.platform.internal.NoJtaPlatform]] 
[2023-06-14 12:58:59,583] - [org.springframework.orm.jpa.LocalContainerEntityManagerFactoryBean] [buildNativeEntityManagerFactory] -> (INFO) [Initialized JPA EntityManagerFactory for persistence unit 'default'] 
[2023-06-14 12:58:59,719] - [org.camunda.bpm.spring.boot] [logInfo] -> (INFO) [STARTER-SB040 Setting up jobExecutor with corePoolSize=3, maxPoolSize:10] 
[2023-06-14 12:58:59,817] - [org.camunda.bpm.engine.cfg] [logInfo] -> (INFO) [ENGINE-12003 Plugin 'CompositeProcessEnginePlugin[genericPropertiesConfiguration, camundaProcessEngineConfiguration, camundaDatasourceConfiguration, camundaJpaConfiguration, camundaJobConfiguration, camundaHistoryConfiguration, camundaMetricsConfiguration, camundaAuthorizationConfiguration, CreateAdminUserConfiguration[adminUser=AdminUserProperty[id=Test, firstName=Test, lastName=Test, email=Test@localhost, password=******]], failedJobConfiguration, CreateFilterConfiguration[filterName=All tasks], disableDeploymentResourcePattern, eventPublisherPlugin, ApplicationContextClassloaderSwitchPlugin, SpringBootSpinProcessEnginePlugin]' activated on process engine 'default'] 
[2023-06-14 12:58:59,822] - [org.camunda.bpm.spring.boot] [logInfo] -> (INFO) [STARTER-SB020 ProcessApplication enabled: autoDeployment via springConfiguration#deploymentResourcePattern is disabled] 
[2023-06-14 12:58:59,823] - [org.camunda.bpm.spring.boot.starter.event.EventPublisherPlugin] [preInit] -> (INFO) [EVENTING-001: Initialized Camunda Spring Boot Eventing Engine Plugin.] 
[2023-06-14 12:58:59,823] - [org.camunda.bpm.spring.boot.starter.event.EventPublisherPlugin] [preInit] -> (INFO) [EVENTING-003: Task events will be published as Spring Events.] 
[2023-06-14 12:58:59,823] - [org.camunda.bpm.spring.boot.starter.event.EventPublisherPlugin] [preInit] -> (INFO) [EVENTING-005: Execution events will be published as Spring Events.] 
[2023-06-14 12:58:59,826] - [org.camunda.bpm.spring.boot.starter.event.EventPublisherPlugin] [preInit] -> (INFO) [EVENTING-007: History events will be published as Spring events.] 
[2023-06-14 12:58:59,833] - [org.camunda.spin] [logInfo] -> (INFO) [SPIN-01010 Discovered Spin data format provider: org.camunda.spin.impl.json.jackson.format.JacksonJsonDataFormatProvider[name = application/json]] 
[2023-06-14 12:59:00,053] - [org.camunda.spin] [logInfo] -> (INFO) [SPIN-01010 Discovered Spin data format provider: org.camunda.spin.impl.xml.dom.format.DomXmlDataFormatProvider[name = application/xml]] 
[2023-06-14 12:59:00,131] - [org.camunda.spin] [logInfo] -> (INFO) [SPIN-01009 Discovered Spin data format: org.camunda.spin.impl.xml.dom.format.DomXmlDataFormat[name = application/xml]] 
[2023-06-14 12:59:00,131] - [org.camunda.spin] [logInfo] -> (INFO) [SPIN-01009 Discovered Spin data format: org.camunda.spin.impl.json.jackson.format.JacksonJsonDataFormat[name = application/json]] 
[2023-06-14 12:59:00,321] - [org.camunda.bpm.dmn.feel.scala] [logInfo] -> (INFO) [FEEL/SCALA-01001 Spin value mapper detected] 
[2023-06-14 12:59:00,385] - [org.camunda.feel.FeelEngine] [<init>] -> (INFO) [Engine created. [value-mapper: CompositeValueMapper(List(org.camunda.feel.impl.JavaValueMapper@77c71600, org.camunda.spin.plugin.impl.feel.integration.SpinValueMapper@6d3881fc)), function-provider: org.camunda.bpm.dmn.feel.impl.scala.function.CustomFunctionTransformer@5e27dc7a, clock: SystemClock, configuration: Configuration(false)]] 
[2023-06-14 12:59:04,647] - [org.camunda.bpm.connect] [logInfo] -> (INFO) [CNCT-01004 Discovered provider for connector id 'http-connector' and class 'org.camunda.connect.httpclient.impl.HttpConnectorImpl': 'org.camunda.connect.httpclient.impl.HttpConnectorProviderImpl'] 
[2023-06-14 12:59:04,650] - [org.camunda.bpm.connect] [logInfo] -> (INFO) [CNCT-01004 Discovered provider for connector id 'soap-http-connector' and class 'org.camunda.connect.httpclient.soap.impl.SoapHttpConnectorImpl': 'org.camunda.connect.httpclient.soap.impl.SoapHttpConnectorProviderImpl'] 
[2023-06-14 12:59:04,868] - [org.camunda.bpm.engine] [logInfo] -> (INFO) [ENGINE-00001 Process Engine default created.] 
[2023-06-14 12:59:04,914] - [org.camunda.bpm.spring.boot] [logInfo] -> (INFO) [STARTER-SB011 Skip creating initial Admin User, user does exist: UserEntity[id=Test, revision=9, firstName=Test, lastName=Test, email=Test@localhost, password={SHA-512}9LhJs1JrH9QvBj25bDdcoYs2BE1Md2UQIyCvNaehfEb0UHwsZQU1e96r4RQQt+CxIfyG/U789goOiCV4sqixmw==, salt=yR5w1Tf9ZJnomA+t0CXifw==, lockExpirationTime=null, attempts=0]] 
[2023-06-14 12:59:04,921] - [org.camunda.bpm.spring.boot] [logInfo] -> (INFO) [STARTER-SB016 Skip initial filter creation, the filter with this name already exists: All tasks] 
[2023-06-14 12:59:05,157] - [org.drools.compiler.kie.builder.impl.KieBuilderImpl] [packageNameForFile] -> (WARN) [File 'rules/tasks.drl' is in folder 'rules' but declares package 'com.foobat'. It is advised to have a correspondance between package and folder names.] 
[2023-06-14 12:59:06,033] - [org.springframework.boot.autoconfigure.orm.jpa.JpaBaseConfiguration$JpaWebConfiguration] [openEntityManagerInViewInterceptor] -> (WARN) [spring.jpa.open-in-view is enabled by default. Therefore, database queries may be performed during view rendering. Explicitly configure spring.jpa.open-in-view to disable this warning] 
[2023-06-14 12:59:06,408] - [org.camunda.bpm.spring.boot.starter.webapp.filter.LazyInitRegistration] [lazyInit] -> (INFO) [lazy initialized org.camunda.bpm.spring.boot.starter.webapp.filter.LazySecurityFilter@5c4bcf2] 
[2023-06-14 12:59:06,410] - [org.camunda.bpm.spring.boot.starter.webapp.filter.LazyInitRegistration] [lazyInit] -> (INFO) [lazy initialized org.camunda.bpm.spring.boot.starter.webapp.filter.LazyProcessEnginesFilter@47fa8f76] 
[2023-06-14 12:59:06,656] - [org.springframework.boot.devtools.autoconfigure.OptionalLiveReloadServer] [startServer] -> (INFO) [LiveReload server is running on port 35729] 
[2023-06-14 12:59:06,773] - [org.apache.kafka.clients.consumer.ConsumerConfig] [logAll] -> (INFO) [ConsumerConfig values: 
	allow.auto.create.topics = true
	auto.commit.interval.ms = 5000
	auto.offset.reset = earliest
	bootstrap.servers = [localhost:9092]
	check.crcs = true
	client.dns.lookup = use_all_dns_ips
	client.id = consumer-myGroup1-1
	client.rack = 
	connections.max.idle.ms = 540000
	default.api.timeout.ms = 60000
	enable.auto.commit = false
	exclude.internal.topics = true
	fetch.max.bytes = 52428800
	fetch.max.wait.ms = 500
	fetch.min.bytes = 1
	group.id = myGroup1
	group.instance.id = null
	heartbeat.interval.ms = 3000
	interceptor.classes = []
	internal.leave.group.on.close = true
	internal.throw.on.fetch.stable.offset.unsupported = false
	isolation.level = read_uncommitted
	key.deserializer = class org.apache.kafka.common.serialization.StringDeserializer
	max.partition.fetch.bytes = 1048576
	max.poll.interval.ms = 300000
	max.poll.records = 500
	metadata.max.age.ms = 300000
	metric.reporters = []
	metrics.num.samples = 2
	metrics.recording.level = INFO
	metrics.sample.window.ms = 30000
	partition.assignment.strategy = [class org.apache.kafka.clients.consumer.RangeAssignor, class org.apache.kafka.clients.consumer.CooperativeStickyAssignor]
	receive.buffer.bytes = 65536
	reconnect.backoff.max.ms = 1000
	reconnect.backoff.ms = 50
	request.timeout.ms = 30000
	retry.backoff.ms = 100
	sasl.client.callback.handler.class = null
	sasl.jaas.config = null
	sasl.kerberos.kinit.cmd = /usr/bin/kinit
	sasl.kerberos.min.time.before.relogin = 60000
	sasl.kerberos.service.name = null
	sasl.kerberos.ticket.renew.jitter = 0.05
	sasl.kerberos.ticket.renew.window.factor = 0.8
	sasl.login.callback.handler.class = null
	sasl.login.class = null
	sasl.login.refresh.buffer.seconds = 300
	sasl.login.refresh.min.period.seconds = 60
	sasl.login.refresh.window.factor = 0.8
	sasl.login.refresh.window.jitter = 0.05
	sasl.mechanism = GSSAPI
	security.protocol = PLAINTEXT
	security.providers = null
	send.buffer.bytes = 131072
	session.timeout.ms = 45000
	socket.connection.setup.timeout.max.ms = 30000
	socket.connection.setup.timeout.ms = 10000
	ssl.cipher.suites = null
	ssl.enabled.protocols = [TLSv1.2, TLSv1.3]
	ssl.endpoint.identification.algorithm = https
	ssl.engine.factory.class = null
	ssl.key.password = null
	ssl.keymanager.algorithm = SunX509
	ssl.keystore.certificate.chain = null
	ssl.keystore.key = null
	ssl.keystore.location = null
	ssl.keystore.password = null
	ssl.keystore.type = JKS
	ssl.protocol = TLSv1.3
	ssl.provider = null
	ssl.secure.random.implementation = null
	ssl.trustmanager.algorithm = PKIX
	ssl.truststore.certificates = null
	ssl.truststore.location = null
	ssl.truststore.password = null
	ssl.truststore.type = JKS
	value.deserializer = class org.apache.kafka.common.serialization.StringDeserializer
] 
[2023-06-14 12:59:06,893] - [org.apache.kafka.clients.consumer.ConsumerConfig] [logUnused] -> (WARN) [The configuration 'spring.json.trusted.packages' was supplied but isn't a known config.] 
[2023-06-14 12:59:06,894] - [org.apache.kafka.clients.consumer.ConsumerConfig] [logUnused] -> (WARN) [The configuration 'spring.deserializer.value.delegate.class' was supplied but isn't a known config.] 
[2023-06-14 12:59:06,896] - [org.apache.kafka.common.utils.AppInfoParser] [<init>] -> (INFO) [Kafka version: 3.0.2] 
[2023-06-14 12:59:06,896] - [org.apache.kafka.common.utils.AppInfoParser] [<init>] -> (INFO) [Kafka commitId: 25b1aea02e37da14] 
[2023-06-14 12:59:06,896] - [org.apache.kafka.common.utils.AppInfoParser] [<init>] -> (INFO) [Kafka startTimeMs: 1686727746894] 
[2023-06-14 12:59:06,900] - [org.apache.kafka.clients.consumer.KafkaConsumer] [subscribe] -> (INFO) [[Consumer clientId=consumer-myGroup1-1, groupId=myGroup1] Subscribed to topic(s): newTask] 
[2023-06-14 12:59:06,910] - [org.apache.coyote.http11.Http11NioProtocol] [log] -> (INFO) [Starting ProtocolHandler ["http-nio-9002"]] 
[2023-06-14 12:59:06,936] - [org.springframework.boot.web.embedded.tomcat.TomcatWebServer] [start] -> (INFO) [Tomcat started on port(s): 9002 (http) with context path ''] 
[2023-06-14 12:59:06,966] - [org.camunda.bpm.container] [logInfo] -> (INFO) [ENGINE-08024 Found processes.xml file at file:/C:/Users/avula_aswini/OneDrive%20-%20HCL%20Technologies%20Ltd/Desktop/TrainingWorkflow/TrainingWorkflow/target/classes/META-INF/processes.xml] 
[2023-06-14 12:59:07,048] - [org.camunda.bpm.container] [logInfo] -> (INFO) [ENGINE-08023 Deployment summary for process archive 'trainingWorkflowApplication': 

        userform.form
        training-workflow.bpmn
] 
[2023-06-14 12:59:07,217] - [org.camunda.bpm.application] [logInfo] -> (INFO) [ENGINE-07021 ProcessApplication 'trainingWorkflowApplication' registered for DB deployments [257952d4-0a85-11ee-962f-f889d2161e62]. Will execute process definitions 

        Decision[version: 1, id: Decision:1:258560c7-0a85-11ee-962f-f889d2161e62]
Deployment does not provide any case definitions.] 
[2023-06-14 12:59:07,255] - [org.camunda.bpm.container] [logInfo] -> (INFO) [ENGINE-08050 Process application trainingWorkflowApplication successfully deployed] 
[2023-06-14 12:59:07,259] - [com.hcl.elch.freshersuperchargers.trainingworkflow.TrainingWorkflowApplication] [logStarted] -> (INFO) [Started TrainingWorkflowApplication in 12.385 seconds (JVM running for 15.794)] 
[2023-06-14 12:59:07,263] - [org.camunda.bpm.engine.jobexecutor] [logInfo] -> (INFO) [ENGINE-14014 Starting up the JobExecutor[org.camunda.bpm.engine.spring.components.jobexecutor.SpringJobExecutor].] 
[2023-06-14 12:59:07,266] - [org.camunda.bpm.engine.jobexecutor] [logInfo] -> (INFO) [ENGINE-14018 JobExecutor[org.camunda.bpm.engine.spring.components.jobexecutor.SpringJobExecutor] starting to acquire jobs] 
[2023-06-14 12:59:07,371] - [org.apache.kafka.clients.Metadata] [updateLatestMetadata] -> (INFO) [[Consumer clientId=consumer-myGroup1-1, groupId=myGroup1] Resetting the last seen epoch of partition newTask-0 to 0 since the associated topicId changed from null to CSIrrRtDSM-M0g4I273wzg] 
[2023-06-14 12:59:07,375] - [org.apache.kafka.clients.Metadata] [update] -> (INFO) [[Consumer clientId=consumer-myGroup1-1, groupId=myGroup1] Cluster ID: 8Ov9q0YuRAG4XPY4pMh9CA] 
[2023-06-14 12:59:07,377] - [org.apache.kafka.clients.consumer.internals.ConsumerCoordinator] [onSuccess] -> (INFO) [[Consumer clientId=consumer-myGroup1-1, groupId=myGroup1] Discovered group coordinator LP-5CG1369TJ6.HCLT.CORP.HCL.IN:9092 (id: 2147483647 rack: null)] 
[2023-06-14 12:59:07,386] - [org.apache.kafka.clients.consumer.internals.ConsumerCoordinator] [sendJoinGroupRequest] -> (INFO) [[Consumer clientId=consumer-myGroup1-1, groupId=myGroup1] (Re-)joining group] 
[2023-06-14 12:59:07,407] - [org.apache.kafka.clients.consumer.internals.ConsumerCoordinator] [requestRejoin] -> (INFO) [[Consumer clientId=consumer-myGroup1-1, groupId=myGroup1] Request joining group due to: need to re-join with the given member-id] 
[2023-06-14 12:59:07,408] - [org.apache.kafka.clients.consumer.internals.ConsumerCoordinator] [sendJoinGroupRequest] -> (INFO) [[Consumer clientId=consumer-myGroup1-1, groupId=myGroup1] (Re-)joining group] 
[2023-06-14 12:59:07,412] - [org.apache.kafka.clients.consumer.internals.ConsumerCoordinator] [handle] -> (INFO) [[Consumer clientId=consumer-myGroup1-1, groupId=myGroup1] Successfully joined group with generation Generation{generationId=329, memberId='consumer-myGroup1-1-598f4d6f-bfea-45eb-a543-4aa6be9f0009', protocol='range'}] 
[2023-06-14 12:59:07,415] - [org.apache.kafka.clients.consumer.internals.ConsumerCoordinator] [performAssignment] -> (INFO) [[Consumer clientId=consumer-myGroup1-1, groupId=myGroup1] Finished assignment for group at generation 329: {consumer-myGroup1-1-598f4d6f-bfea-45eb-a543-4aa6be9f0009=Assignment(partitions=[newTask-0])}] 
[2023-06-14 12:59:07,425] - [org.apache.kafka.clients.consumer.internals.ConsumerCoordinator] [handle] -> (INFO) [[Consumer clientId=consumer-myGroup1-1, groupId=myGroup1] Successfully synced group in generation Generation{generationId=329, memberId='consumer-myGroup1-1-598f4d6f-bfea-45eb-a543-4aa6be9f0009', protocol='range'}] 
[2023-06-14 12:59:07,426] - [org.apache.kafka.clients.consumer.internals.ConsumerCoordinator] [invokeOnAssignment] -> (INFO) [[Consumer clientId=consumer-myGroup1-1, groupId=myGroup1] Notifying assignor about the new Assignment(partitions=[newTask-0])] 
[2023-06-14 12:59:07,429] - [org.apache.kafka.clients.consumer.internals.ConsumerCoordinator] [invokePartitionsAssigned] -> (INFO) [[Consumer clientId=consumer-myGroup1-1, groupId=myGroup1] Adding newly assigned partitions: newTask-0] 
[2023-06-14 12:59:07,441] - [org.apache.kafka.clients.consumer.internals.ConsumerCoordinator] [refreshCommittedOffsetsIfNeeded] -> (INFO) [[Consumer clientId=consumer-myGroup1-1, groupId=myGroup1] Setting offset for partition newTask-0 to the committed offset FetchPosition{offset=60, offsetEpoch=Optional.empty, currentLeader=LeaderAndEpoch{leader=Optional[LP-5CG1369TJ6.HCLT.CORP.HCL.IN:9092 (id: 0 rack: null)], epoch=0}}] 
[2023-06-14 12:59:07,442] - [org.springframework.kafka.listener.KafkaMessageListenerContainer] [info] -> (INFO) [myGroup1: partitions assigned: [newTask-0]] 
[2023-06-14 12:59:13,795] - [org.apache.catalina.core.ContainerBase.[Tomcat].[localhost].[/]] [log] -> (INFO) [Initializing Spring DispatcherServlet 'dispatcherServlet'] 
[2023-06-14 12:59:13,795] - [org.springframework.web.servlet.DispatcherServlet] [initServletBean] -> (INFO) [Initializing Servlet 'dispatcherServlet'] 
[2023-06-14 12:59:13,797] - [org.springframework.web.servlet.DispatcherServlet] [initServletBean] -> (INFO) [Completed initialization in 1 ms] 
[2023-06-14 12:59:14,911] - [org.glassfish.jersey.server.ServerRuntime$Responder] [writeResponse] -> (ERROR) [An I/O error has occurred while writing a response message entity to the container output stream.] 
org.glassfish.jersey.server.internal.process.MappableException: org.apache.catalina.connector.ClientAbortException: java.io.IOException: An established connection was aborted by the software in your host machine
	at org.glassfish.jersey.server.internal.MappableExceptionWrapperInterceptor.aroundWriteTo(MappableExceptionWrapperInterceptor.java:67) ~[jersey-server-2.35.jar:?]
	at org.glassfish.jersey.message.internal.WriterInterceptorExecutor.proceed(WriterInterceptorExecutor.java:139) ~[jersey-common-2.35.jar:?]
	at org.glassfish.jersey.message.internal.MessageBodyFactory.writeTo(MessageBodyFactory.java:1116) ~[jersey-common-2.35.jar:?]
	at org.glassfish.jersey.server.ServerRuntime$Responder.writeResponse(ServerRuntime.java:635) ~[jersey-server-2.35.jar:?]
	at org.glassfish.jersey.server.ServerRuntime$Responder.processResponse(ServerRuntime.java:373) ~[jersey-server-2.35.jar:?]
	at org.glassfish.jersey.server.ServerRuntime$Responder.process(ServerRuntime.java:363) ~[jersey-server-2.35.jar:?]
	at org.glassfish.jersey.server.ServerRuntime$1.run(ServerRuntime.java:258) ~[jersey-server-2.35.jar:?]
	at org.glassfish.jersey.internal.Errors$1.call(Errors.java:248) ~[jersey-common-2.35.jar:?]
	at org.glassfish.jersey.internal.Errors$1.call(Errors.java:244) ~[jersey-common-2.35.jar:?]
	at org.glassfish.jersey.internal.Errors.process(Errors.java:292) ~[jersey-common-2.35.jar:?]
	at org.glassfish.jersey.internal.Errors.process(Errors.java:274) ~[jersey-common-2.35.jar:?]
	at org.glassfish.jersey.internal.Errors.process(Errors.java:244) ~[jersey-common-2.35.jar:?]
	at org.glassfish.jersey.process.internal.RequestScope.runInScope(RequestScope.java:265) ~[jersey-common-2.35.jar:?]
	at org.glassfish.jersey.server.ServerRuntime.process(ServerRuntime.java:234) ~[jersey-server-2.35.jar:?]
	at org.glassfish.jersey.server.ApplicationHandler.handle(ApplicationHandler.java:684) ~[jersey-server-2.35.jar:?]
	at org.glassfish.jersey.servlet.WebComponent.serviceImpl(WebComponent.java:394) ~[jersey-container-servlet-core-2.35.jar:?]
	at org.glassfish.jersey.servlet.WebComponent.service(WebComponent.java:346) ~[jersey-container-servlet-core-2.35.jar:?]
	at org.glassfish.jersey.servlet.ServletContainer.service(ServletContainer.java:366) ~[jersey-container-servlet-core-2.35.jar:?]
	at org.glassfish.jersey.servlet.ServletContainer.service(ServletContainer.java:319) ~[jersey-container-servlet-core-2.35.jar:?]
	at org.glassfish.jersey.servlet.ServletContainer.service(ServletContainer.java:205) ~[jersey-container-servlet-core-2.35.jar:?]
	at org.apache.catalina.core.ApplicationFilterChain.internalDoFilter(ApplicationFilterChain.java:227) ~[tomcat-embed-core-9.0.65.jar:9.0.65]
	at org.apache.catalina.core.ApplicationFilterChain.doFilter(ApplicationFilterChain.java:162) ~[tomcat-embed-core-9.0.65.jar:9.0.65]
	at org.apache.tomcat.websocket.server.WsFilter.doFilter(WsFilter.java:53) ~[tomcat-embed-websocket-9.0.65.jar:9.0.65]
	at org.apache.catalina.core.ApplicationFilterChain.internalDoFilter(ApplicationFilterChain.java:189) ~[tomcat-embed-core-9.0.65.jar:9.0.65]
	at org.apache.catalina.core.ApplicationFilterChain.doFilter(ApplicationFilterChain.java:162) ~[tomcat-embed-core-9.0.65.jar:9.0.65]
	at org.camunda.bpm.webapp.impl.engine.ProcessEnginesFilter.applyFilter(ProcessEnginesFilter.java:147) ~[camunda-webapp-7.18.0-classes.jar:7.18.0]
	at org.camunda.bpm.spring.boot.starter.webapp.filter.ResourceLoadingProcessEnginesFilter.applyFilter(ResourceLoadingProcessEnginesFilter.java:58) ~[camunda-bpm-spring-boot-starter-webapp-core-7.18.0.jar:7.18.0]
	at org.camunda.bpm.webapp.impl.filter.AbstractTemplateFilter.doFilter(AbstractTemplateFilter.java:58) ~[camunda-webapp-7.18.0-classes.jar:7.18.0]
	at org.camunda.bpm.spring.boot.starter.webapp.filter.LazyDelegateFilter.doFilter(LazyDelegateFilter.java:60) ~[camunda-bpm-spring-boot-starter-webapp-core-7.18.0.jar:7.18.0]
	at org.apache.catalina.core.ApplicationFilterChain.internalDoFilter(ApplicationFilterChain.java:189) ~[tomcat-embed-core-9.0.65.jar:9.0.65]
	at org.apache.catalina.core.ApplicationFilterChain.doFilter(ApplicationFilterChain.java:162) ~[tomcat-embed-core-9.0.65.jar:9.0.65]
	at org.camunda.bpm.webapp.impl.security.filter.headersec.HttpHeaderSecurityFilter.doFilter(HttpHeaderSecurityFilter.java:89) ~[camunda-webapp-7.18.0-classes.jar:7.18.0]
	at org.apache.catalina.core.ApplicationFilterChain.internalDoFilter(ApplicationFilterChain.java:189) ~[tomcat-embed-core-9.0.65.jar:9.0.65]
	at org.apache.catalina.core.ApplicationFilterChain.doFilter(ApplicationFilterChain.java:162) ~[tomcat-embed-core-9.0.65.jar:9.0.65]
	at org.camunda.bpm.webapp.impl.security.filter.SessionCookieFilter.doFilter(SessionCookieFilter.java:52) ~[camunda-webapp-7.18.0-classes.jar:7.18.0]
	at org.apache.catalina.core.ApplicationFilterChain.internalDoFilter(ApplicationFilterChain.java:189) ~[tomcat-embed-core-9.0.65.jar:9.0.65]
	at org.apache.catalina.core.ApplicationFilterChain.doFilter(ApplicationFilterChain.java:162) ~[tomcat-embed-core-9.0.65.jar:9.0.65]
	at org.camunda.bpm.webapp.impl.security.filter.CsrfPreventionFilter.doFilter(CsrfPreventionFilter.java:171) ~[camunda-webapp-7.18.0-classes.jar:7.18.0]
	at org.apache.catalina.core.ApplicationFilterChain.internalDoFilter(ApplicationFilterChain.java:189) ~[tomcat-embed-core-9.0.65.jar:9.0.65]
	at org.apache.catalina.core.ApplicationFilterChain.doFilter(ApplicationFilterChain.java:162) ~[tomcat-embed-core-9.0.65.jar:9.0.65]
	at org.camunda.bpm.webapp.impl.security.filter.SecurityFilter.doFilterSecure(SecurityFilter.java:73) ~[camunda-webapp-7.18.0-classes.jar:7.18.0]
	at org.camunda.bpm.webapp.impl.security.filter.SecurityFilter.doFilter(SecurityFilter.java:57) ~[camunda-webapp-7.18.0-classes.jar:7.18.0]
	at org.camunda.bpm.spring.boot.starter.webapp.filter.LazyDelegateFilter.doFilter(LazyDelegateFilter.java:60) ~[camunda-bpm-spring-boot-starter-webapp-core-7.18.0.jar:7.18.0]
	at org.apache.catalina.core.ApplicationFilterChain.internalDoFilter(ApplicationFilterChain.java:189) ~[tomcat-embed-core-9.0.65.jar:9.0.65]
	at org.apache.catalina.core.ApplicationFilterChain.doFilter(ApplicationFilterChain.java:162) ~[tomcat-embed-core-9.0.65.jar:9.0.65]
	at org.camunda.bpm.webapp.impl.security.auth.AuthenticationFilter$1.execute(AuthenticationFilter.java:62) ~[camunda-webapp-7.18.0-classes.jar:7.18.0]
	at org.camunda.bpm.webapp.impl.security.auth.AuthenticationFilter$1.execute(AuthenticationFilter.java:60) ~[camunda-webapp-7.18.0-classes.jar:7.18.0]
	at org.camunda.bpm.webapp.impl.security.SecurityActions.runWithAuthentications(SecurityActions.java:44) ~[camunda-webapp-7.18.0-classes.jar:7.18.0]
	at org.camunda.bpm.webapp.impl.security.auth.AuthenticationFilter.doFilter(AuthenticationFilter.java:60) ~[camunda-webapp-7.18.0-classes.jar:7.18.0]
	at org.apache.catalina.core.ApplicationFilterChain.internalDoFilter(ApplicationFilterChain.java:189) ~[tomcat-embed-core-9.0.65.jar:9.0.65]
	at org.apache.catalina.core.ApplicationFilterChain.doFilter(ApplicationFilterChain.java:162) ~[tomcat-embed-core-9.0.65.jar:9.0.65]
	at org.springframework.web.filter.RequestContextFilter.doFilterInternal(RequestContextFilter.java:100) ~[spring-web-5.3.22.jar:5.3.22]
	at org.springframework.web.filter.OncePerRequestFilter.doFilter(OncePerRequestFilter.java:117) ~[spring-web-5.3.22.jar:5.3.22]
	at org.apache.catalina.core.ApplicationFilterChain.internalDoFilter(ApplicationFilterChain.java:189) ~[tomcat-embed-core-9.0.65.jar:9.0.65]
	at org.apache.catalina.core.ApplicationFilterChain.doFilter(ApplicationFilterChain.java:162) ~[tomcat-embed-core-9.0.65.jar:9.0.65]
	at org.springframework.web.filter.FormContentFilter.doFilterInternal(FormContentFilter.java:93) ~[spring-web-5.3.22.jar:5.3.22]
	at org.springframework.web.filter.OncePerRequestFilter.doFilter(OncePerRequestFilter.java:117) ~[spring-web-5.3.22.jar:5.3.22]
	at org.apache.catalina.core.ApplicationFilterChain.internalDoFilter(ApplicationFilterChain.java:189) ~[tomcat-embed-core-9.0.65.jar:9.0.65]
	at org.apache.catalina.core.ApplicationFilterChain.doFilter(ApplicationFilterChain.java:162) ~[tomcat-embed-core-9.0.65.jar:9.0.65]
	at org.springframework.web.filter.CharacterEncodingFilter.doFilterInternal(CharacterEncodingFilter.java:201) ~[spring-web-5.3.22.jar:5.3.22]
	at org.springframework.web.filter.OncePerRequestFilter.doFilter(OncePerRequestFilter.java:117) ~[spring-web-5.3.22.jar:5.3.22]
	at org.apache.catalina.core.ApplicationFilterChain.internalDoFilter(ApplicationFilterChain.java:189) ~[tomcat-embed-core-9.0.65.jar:9.0.65]
	at org.apache.catalina.core.ApplicationFilterChain.doFilter(ApplicationFilterChain.java:162) ~[tomcat-embed-core-9.0.65.jar:9.0.65]
	at org.apache.catalina.core.StandardWrapperValve.invoke(StandardWrapperValve.java:197) ~[tomcat-embed-core-9.0.65.jar:9.0.65]
	at org.apache.catalina.core.StandardContextValve.invoke(StandardContextValve.java:97) ~[tomcat-embed-core-9.0.65.jar:9.0.65]
	at org.apache.catalina.authenticator.AuthenticatorBase.invoke(AuthenticatorBase.java:541) ~[tomcat-embed-core-9.0.65.jar:9.0.65]
	at org.apache.catalina.core.StandardHostValve.invoke(StandardHostValve.java:135) ~[tomcat-embed-core-9.0.65.jar:9.0.65]
	at org.apache.catalina.valves.ErrorReportValve.invoke(ErrorReportValve.java:92) ~[tomcat-embed-core-9.0.65.jar:9.0.65]
	at org.apache.catalina.core.StandardEngineValve.invoke(StandardEngineValve.java:78) ~[tomcat-embed-core-9.0.65.jar:9.0.65]
	at org.apache.catalina.connector.CoyoteAdapter.service(CoyoteAdapter.java:360) ~[tomcat-embed-core-9.0.65.jar:9.0.65]
	at org.apache.coyote.http11.Http11Processor.service(Http11Processor.java:399) ~[tomcat-embed-core-9.0.65.jar:9.0.65]
	at org.apache.coyote.AbstractProcessorLight.process(AbstractProcessorLight.java:65) ~[tomcat-embed-core-9.0.65.jar:9.0.65]
	at org.apache.coyote.AbstractProtocol$ConnectionHandler.process(AbstractProtocol.java:890) ~[tomcat-embed-core-9.0.65.jar:9.0.65]
	at org.apache.tomcat.util.net.NioEndpoint$SocketProcessor.doRun(NioEndpoint.java:1789) ~[tomcat-embed-core-9.0.65.jar:9.0.65]
	at org.apache.tomcat.util.net.SocketProcessorBase.run(SocketProcessorBase.java:49) ~[tomcat-embed-core-9.0.65.jar:9.0.65]
	at org.apache.tomcat.util.threads.ThreadPoolExecutor.runWorker(ThreadPoolExecutor.java:1191) ~[tomcat-embed-core-9.0.65.jar:9.0.65]
	at org.apache.tomcat.util.threads.ThreadPoolExecutor$Worker.run(ThreadPoolExecutor.java:659) ~[tomcat-embed-core-9.0.65.jar:9.0.65]
	at org.apache.tomcat.util.threads.TaskThread$WrappingRunnable.run(TaskThread.java:61) ~[tomcat-embed-core-9.0.65.jar:9.0.65]
	at java.lang.Thread.run(Thread.java:833) ~[?:?]
Caused by: org.apache.catalina.connector.ClientAbortException: java.io.IOException: An established connection was aborted by the software in your host machine
	at org.apache.catalina.connector.OutputBuffer.realWriteBytes(OutputBuffer.java:353) ~[tomcat-embed-core-9.0.65.jar:9.0.65]
	at org.apache.catalina.connector.OutputBuffer.flushByteBuffer(OutputBuffer.java:784) ~[tomcat-embed-core-9.0.65.jar:9.0.65]
	at org.apache.catalina.connector.OutputBuffer.append(OutputBuffer.java:689) ~[tomcat-embed-core-9.0.65.jar:9.0.65]
	at org.apache.catalina.connector.OutputBuffer.writeBytes(OutputBuffer.java:388) ~[tomcat-embed-core-9.0.65.jar:9.0.65]
	at org.apache.catalina.connector.OutputBuffer.write(OutputBuffer.java:366) ~[tomcat-embed-core-9.0.65.jar:9.0.65]
	at org.apache.catalina.connector.CoyoteOutputStream.write(CoyoteOutputStream.java:96) ~[tomcat-embed-core-9.0.65.jar:9.0.65]
	at org.glassfish.jersey.servlet.internal.ResponseWriter$NonCloseableOutputStreamWrapper.write(ResponseWriter.java:301) ~[jersey-container-servlet-core-2.35.jar:?]
	at org.glassfish.jersey.message.internal.CommittingOutputStream.write(CommittingOutputStream.java:200) ~[jersey-common-2.35.jar:?]
	at org.glassfish.jersey.message.internal.WriterInterceptorExecutor$UnCloseableOutputStream.write(WriterInterceptorExecutor.java:276) ~[jersey-common-2.35.jar:?]
	at org.camunda.bpm.webapp.plugin.resource.AbstractAppPluginRootResource$1.write(AbstractAppPluginRootResource.java:132) ~[camunda-webapp-7.18.0-classes.jar:7.18.0]
	at org.glassfish.jersey.message.internal.StreamingOutputProvider.writeTo(StreamingOutputProvider.java:55) ~[jersey-common-2.35.jar:?]
	at org.glassfish.jersey.message.internal.StreamingOutputProvider.writeTo(StreamingOutputProvider.java:37) ~[jersey-common-2.35.jar:?]
	at org.glassfish.jersey.message.internal.WriterInterceptorExecutor$TerminalWriterInterceptor.invokeWriteTo(WriterInterceptorExecutor.java:242) ~[jersey-common-2.35.jar:?]
	at org.glassfish.jersey.message.internal.WriterInterceptorExecutor$TerminalWriterInterceptor.aroundWriteTo(WriterInterceptorExecutor.java:227) ~[jersey-common-2.35.jar:?]
	at org.glassfish.jersey.message.internal.WriterInterceptorExecutor.proceed(WriterInterceptorExecutor.java:139) ~[jersey-common-2.35.jar:?]
	at org.glassfish.jersey.server.internal.JsonWithPaddingInterceptor.aroundWriteTo(JsonWithPaddingInterceptor.java:85) ~[jersey-server-2.35.jar:?]
	at org.glassfish.jersey.message.internal.WriterInterceptorExecutor.proceed(WriterInterceptorExecutor.java:139) ~[jersey-common-2.35.jar:?]
	at org.glassfish.jersey.server.internal.MappableExceptionWrapperInterceptor.aroundWriteTo(MappableExceptionWrapperInterceptor.java:61) ~[jersey-server-2.35.jar:?]
	... 78 more
Caused by: java.io.IOException: An established connection was aborted by the software in your host machine
	at sun.nio.ch.SocketDispatcher.write0(Native Method) ~[?:?]
	at sun.nio.ch.SocketDispatcher.write(SocketDispatcher.java:54) ~[?:?]
	at sun.nio.ch.IOUtil.writeFromNativeBuffer(IOUtil.java:132) ~[?:?]
	at sun.nio.ch.IOUtil.write(IOUtil.java:97) ~[?:?]
	at sun.nio.ch.IOUtil.write(IOUtil.java:53) ~[?:?]
	at sun.nio.ch.SocketChannelImpl.write(SocketChannelImpl.java:532) ~[?:?]
	at org.apache.tomcat.util.net.NioChannel.write(NioChannel.java:135) ~[tomcat-embed-core-9.0.65.jar:9.0.65]
	at org.apache.tomcat.util.net.NioEndpoint$NioSocketWrapper.doWrite(NioEndpoint.java:1424) ~[tomcat-embed-core-9.0.65.jar:9.0.65]
	at org.apache.tomcat.util.net.SocketWrapperBase.doWrite(SocketWrapperBase.java:768) ~[tomcat-embed-core-9.0.65.jar:9.0.65]
	at org.apache.tomcat.util.net.SocketWrapperBase.writeBlocking(SocketWrapperBase.java:593) ~[tomcat-embed-core-9.0.65.jar:9.0.65]
	at org.apache.tomcat.util.net.SocketWrapperBase.write(SocketWrapperBase.java:537) ~[tomcat-embed-core-9.0.65.jar:9.0.65]
	at org.apache.coyote.http11.Http11OutputBuffer$SocketOutputBuffer.doWrite(Http11OutputBuffer.java:547) ~[tomcat-embed-core-9.0.65.jar:9.0.65]
	at org.apache.coyote.http11.filters.ChunkedOutputFilter.doWrite(ChunkedOutputFilter.java:112) ~[tomcat-embed-core-9.0.65.jar:9.0.65]
	at org.apache.coyote.http11.Http11OutputBuffer.doWrite(Http11OutputBuffer.java:194) ~[tomcat-embed-core-9.0.65.jar:9.0.65]
	at org.apache.coyote.Response.doWrite(Response.java:615) ~[tomcat-embed-core-9.0.65.jar:9.0.65]
	at org.apache.catalina.connector.OutputBuffer.realWriteBytes(OutputBuffer.java:340) ~[tomcat-embed-core-9.0.65.jar:9.0.65]
	at org.apache.catalina.connector.OutputBuffer.flushByteBuffer(OutputBuffer.java:784) ~[tomcat-embed-core-9.0.65.jar:9.0.65]
	at org.apache.catalina.connector.OutputBuffer.append(OutputBuffer.java:689) ~[tomcat-embed-core-9.0.65.jar:9.0.65]
	at org.apache.catalina.connector.OutputBuffer.writeBytes(OutputBuffer.java:388) ~[tomcat-embed-core-9.0.65.jar:9.0.65]
	at org.apache.catalina.connector.OutputBuffer.write(OutputBuffer.java:366) ~[tomcat-embed-core-9.0.65.jar:9.0.65]
	at org.apache.catalina.connector.CoyoteOutputStream.write(CoyoteOutputStream.java:96) ~[tomcat-embed-core-9.0.65.jar:9.0.65]
	at org.glassfish.jersey.servlet.internal.ResponseWriter$NonCloseableOutputStreamWrapper.write(ResponseWriter.java:301) ~[jersey-container-servlet-core-2.35.jar:?]
	at org.glassfish.jersey.message.internal.CommittingOutputStream.write(CommittingOutputStream.java:200) ~[jersey-common-2.35.jar:?]
	at org.glassfish.jersey.message.internal.WriterInterceptorExecutor$UnCloseableOutputStream.write(WriterInterceptorExecutor.java:276) ~[jersey-common-2.35.jar:?]
	at org.camunda.bpm.webapp.plugin.resource.AbstractAppPluginRootResource$1.write(AbstractAppPluginRootResource.java:132) ~[camunda-webapp-7.18.0-classes.jar:7.18.0]
	at org.glassfish.jersey.message.internal.StreamingOutputProvider.writeTo(StreamingOutputProvider.java:55) ~[jersey-common-2.35.jar:?]
	at org.glassfish.jersey.message.internal.StreamingOutputProvider.writeTo(StreamingOutputProvider.java:37) ~[jersey-common-2.35.jar:?]
	at org.glassfish.jersey.message.internal.WriterInterceptorExecutor$TerminalWriterInterceptor.invokeWriteTo(WriterInterceptorExecutor.java:242) ~[jersey-common-2.35.jar:?]
	at org.glassfish.jersey.message.internal.WriterInterceptorExecutor$TerminalWriterInterceptor.aroundWriteTo(WriterInterceptorExecutor.java:227) ~[jersey-common-2.35.jar:?]
	at org.glassfish.jersey.message.internal.WriterInterceptorExecutor.proceed(WriterInterceptorExecutor.java:139) ~[jersey-common-2.35.jar:?]
	at org.glassfish.jersey.server.internal.JsonWithPaddingInterceptor.aroundWriteTo(JsonWithPaddingInterceptor.java:85) ~[jersey-server-2.35.jar:?]
	at org.glassfish.jersey.message.internal.WriterInterceptorExecutor.proceed(WriterInterceptorExecutor.java:139) ~[jersey-common-2.35.jar:?]
	at org.glassfish.jersey.server.internal.MappableExceptionWrapperInterceptor.aroundWriteTo(MappableExceptionWrapperInterceptor.java:61) ~[jersey-server-2.35.jar:?]
	... 78 more
[2023-06-14 13:04:10,395] - [org.apache.kafka.clients.FetchSessionHandler] [handleError] -> (INFO) [[Consumer clientId=consumer-myGroup1-1, groupId=myGroup1] Error sending fetch request (sessionId=2100027694, epoch=595) to node 0:] 
org.apache.kafka.common.errors.DisconnectException: null
[2023-06-14 13:04:10,397] - [org.apache.kafka.clients.consumer.internals.ConsumerCoordinator] [markCoordinatorUnknown] -> (INFO) [[Consumer clientId=consumer-myGroup1-1, groupId=myGroup1] Group coordinator LP-5CG1369TJ6.HCLT.CORP.HCL.IN:9092 (id: 2147483647 rack: null) is unavailable or invalid due to cause: coordinator unavailable.isDisconnected: true. Rediscovery will be attempted.] 
[2023-06-14 13:04:10,512] - [org.apache.kafka.clients.consumer.internals.ConsumerCoordinator] [onSuccess] -> (INFO) [[Consumer clientId=consumer-myGroup1-1, groupId=myGroup1] Discovered group coordinator LP-5CG1369TJ6.HCLT.CORP.HCL.IN:9092 (id: 2147483647 rack: null)] 
[2023-06-14 13:50:38,007] - [org.drools.compiler.kie.builder.impl.KieContainerImpl] [createKieBase] -> (INFO) [Start creation of KieBase: defaultKieBase] 
[2023-06-14 13:50:38,168] - [org.drools.compiler.kie.builder.impl.KieContainerImpl] [createKieBase] -> (INFO) [End creation of KieBase: defaultKieBase] 
